-- Found ament_cmake: 2.5.2 (/opt/ros/jazzy/share/ament_cmake/cmake)
-- Found moveit_ros_planning_interface: 2.10.0 (/opt/ros/jazzy/share/moveit_ros_planning_interface/cmake)
-- Found Boost: /usr/lib/x86_64-linux-gnu/cmake/Boost-1.83.0/BoostConfig.cmake (found version "1.83.0") found components: date_time filesystem program_options system thread 
-- Found rosidl_generator_c: 4.6.3 (/opt/ros/jazzy/share/rosidl_generator_c/cmake)
-- Found rosidl_generator_cpp: 4.6.3 (/opt/ros/jazzy/share/rosidl_generator_cpp/cmake)
-- Using all available rosidl_typesupport_c: rosidl_typesupport_fastrtps_c;rosidl_typesupport_introspection_c
-- Using all available rosidl_typesupport_cpp: rosidl_typesupport_fastrtps_cpp;rosidl_typesupport_introspection_cpp
-- Found Boost: /usr/lib/x86_64-linux-gnu/cmake/Boost-1.83.0/BoostConfig.cmake (found version "1.83.0") found components: chrono date_time filesystem iostreams program_options regex serialization system thread 
-- Found parameter_traits: 0.3.8 (/opt/ros/jazzy/share/parameter_traits/cmake)
-- Found rmw_implementation_cmake: 7.3.1 (/opt/ros/jazzy/share/rmw_implementation_cmake/cmake)
-- Found rmw_fastrtps_cpp: 8.4.1 (/opt/ros/jazzy/share/rmw_fastrtps_cpp/cmake)
-- Using RMW implementation 'rmw_fastrtps_cpp' as default
-- Found rclcpp_lifecycle: 28.1.3 (/opt/ros/jazzy/share/rclcpp_lifecycle/cmake)
-- Found Boost: /usr/lib/x86_64-linux-gnu/cmake/Boost-1.83.0/BoostConfig.cmake (found version "1.83.0") found components: filesystem 
-- Ensuring Eigen3 include directory is part of orocos-kdl CMake target
-- Found Boost: /usr/lib/x86_64-linux-gnu/cmake/Boost-1.83.0/BoostConfig.cmake (found version "1.83.0") found components: system filesystem date_time program_options thread chrono 
-- Found Boost: /usr/lib/x86_64-linux-gnu/cmake/Boost-1.83.0/BoostConfig.cmake (found version "1.83.0") found components: thread system filesystem regex date_time program_options 
-- Found Boost: /usr/lib/x86_64-linux-gnu/cmake/Boost-1.83.0/BoostConfig.cmake (found version "1.83.0") found components: system filesystem date_time program_options thread 
-- Found hardware_interface: 4.15.0 (/opt/ros/jazzy/share/hardware_interface/cmake)
-- Found controller_interface: 4.15.0 (/opt/ros/jazzy/share/controller_interface/cmake)
-- Found ament_cmake_gtest: 2.5.2 (/opt/ros/jazzy/share/ament_cmake_gtest/cmake)
-- Configuring done (1.6s)
-- Generating done (0.0s)
-- Build files have been written to: /home/nat/ws_ruka/build/ruka
[100%] Built target ruka
-- Install configuration: ""
-- Installing: /home/nat/ws_ruka/install/ruka/share/ruka/ruka.xml
-- Up-to-date: /home/nat/ws_ruka/install/ruka/share/ruka/launch
-- Installing: /home/nat/ws_ruka/install/ruka/share/ruka/launch/gazebo.launch.py
-- Up-to-date: /home/nat/ws_ruka/install/ruka/share/ruka/launch/all.launch.py
-- Up-to-date: /home/nat/ws_ruka/install/ruka/share/ruka/launch/without_cont.launch.py
-- Up-to-date: /home/nat/ws_ruka/install/ruka/share/ruka/launch/with_cont.launch.py
-- Up-to-date: /home/nat/ws_ruka/install/ruka/share/ruka/config
-- Up-to-date: /home/nat/ws_ruka/install/ruka/share/ruka/config/ompl_planning.yaml
-- Up-to-date: /home/nat/ws_ruka/install/ruka/share/ruka/config/ros2_controllers.yaml
-- Up-to-date: /home/nat/ws_ruka/install/ruka/share/ruka/config/ruka.srdf
-- Up-to-date: /home/nat/ws_ruka/install/ruka/share/ruka/config/pilz_cartesian_limits.yaml
-- Up-to-date: /home/nat/ws_ruka/install/ruka/share/ruka/config/moveit_controllers.yaml
-- Up-to-date: /home/nat/ws_ruka/install/ruka/share/ruka/config/moveit.rviz
-- Installing: /home/nat/ws_ruka/install/ruka/share/ruka/config/ruka_gz.urdf
-- Up-to-date: /home/nat/ws_ruka/install/ruka/share/ruka/config/sensors_3d.yaml
-- Up-to-date: /home/nat/ws_ruka/install/ruka/share/ruka/config/imu.ros2_control.xacro
-- Up-to-date: /home/nat/ws_ruka/install/ruka/share/ruka/config/ruka.ros2_control.xacro
-- Up-to-date: /home/nat/ws_ruka/install/ruka/share/ruka/config/joint_limits.yaml
-- Up-to-date: /home/nat/ws_ruka/install/ruka/share/ruka/config/ruka.urdf.xacro
-- Up-to-date: /home/nat/ws_ruka/install/ruka/share/ruka/config/ruka.urdf
-- Up-to-date: /home/nat/ws_ruka/install/ruka/share/ruka/config/kinematics.yaml
-- Installing: /home/nat/ws_ruka/install/ruka/share/ruka/config/params.yaml
-- Up-to-date: /home/nat/ws_ruka/install/ruka/share/ruka/config/initial_positions.yaml
-- Up-to-date: /home/nat/ws_ruka/install/ruka/share/ruka/.setup_assistant
-- Up-to-date: /home/nat/ws_ruka/install/ruka/include/ruka
-- Up-to-date: /home/nat/ws_ruka/install/ruka/include/ruka/ruka_sensor_hardware.hpp
-- Up-to-date: /home/nat/ws_ruka/install/ruka/include/ruka/visibility_control.h
-- Up-to-date: /home/nat/ws_ruka/install/ruka/include/ruka/ruka_hardware.hpp
-- Up-to-date: /home/nat/ws_ruka/install/ruka/lib/libruka.so
-- Up-to-date: /home/nat/ws_ruka/install/ruka/share/ruka/environment/library_path.sh
-- Up-to-date: /home/nat/ws_ruka/install/ruka/share/ruka/environment/library_path.dsv
-- Installing: /home/nat/ws_ruka/install/ruka/share/ament_index/resource_index/package_run_dependencies/ruka
-- Installing: /home/nat/ws_ruka/install/ruka/share/ament_index/resource_index/parent_prefix_path/ruka
-- Up-to-date: /home/nat/ws_ruka/install/ruka/share/ruka/environment/ament_prefix_path.sh
-- Up-to-date: /home/nat/ws_ruka/install/ruka/share/ruka/environment/ament_prefix_path.dsv
-- Up-to-date: /home/nat/ws_ruka/install/ruka/share/ruka/environment/path.sh
-- Up-to-date: /home/nat/ws_ruka/install/ruka/share/ruka/environment/path.dsv
-- Up-to-date: /home/nat/ws_ruka/install/ruka/share/ruka/local_setup.bash
-- Up-to-date: /home/nat/ws_ruka/install/ruka/share/ruka/local_setup.sh
-- Up-to-date: /home/nat/ws_ruka/install/ruka/share/ruka/local_setup.zsh
-- Up-to-date: /home/nat/ws_ruka/install/ruka/share/ruka/local_setup.dsv
-- Installing: /home/nat/ws_ruka/install/ruka/share/ruka/package.dsv
-- Up-to-date: /home/nat/ws_ruka/install/ruka/share/ament_index/resource_index/packages/ruka
-- Up-to-date: /home/nat/ws_ruka/install/ruka/share/ament_index/resource_index/hardware_interface__pluginlib__plugin/ruka
-- Up-to-date: /home/nat/ws_ruka/install/ruka/share/ruka/cmake/export_rukaExport.cmake
-- Up-to-date: /home/nat/ws_ruka/install/ruka/share/ruka/cmake/export_rukaExport-noconfig.cmake
-- Up-to-date: /home/nat/ws_ruka/install/ruka/share/ruka/cmake/ament_cmake_export_targets-extras.cmake
-- Up-to-date: /home/nat/ws_ruka/install/ruka/share/ruka/cmake/ament_cmake_export_dependencies-extras.cmake
-- Up-to-date: /home/nat/ws_ruka/install/ruka/share/ruka/cmake/rukaConfig.cmake
-- Up-to-date: /home/nat/ws_ruka/install/ruka/share/ruka/cmake/rukaConfig-version.cmake
-- Installing: /home/nat/ws_ruka/install/ruka/share/ruka/package.xml
