[0.014s] Invoking command in '/home/nat/ws_ruka/build/ruka_gz': CMAKE_PREFIX_PATH=${CMAKE_PREFIX_PATH}:/home/nat/ws_explorer/install/ros2_control_demo_testing:/home/nat/roverchallenge-ru/install/simulation:/opt/ros/jazzy DEBUGINFOD_URLS=https://debuginfod.ubuntu.com /usr/bin/cmake --build /home/nat/ws_ruka/build/ruka_gz -- -j12 -l12
[0.086s] [100%] Built target ruka_gz
[0.103s] Invoked command in '/home/nat/ws_ruka/build/ruka_gz' returned '0': CMAKE_PREFIX_PATH=${CMAKE_PREFIX_PATH}:/home/nat/ws_explorer/install/ros2_control_demo_testing:/home/nat/roverchallenge-ru/install/simulation:/opt/ros/jazzy DEBUGINFOD_URLS=https://debuginfod.ubuntu.com /usr/bin/cmake --build /home/nat/ws_ruka/build/ruka_gz -- -j12 -l12
[0.153s] Invoking command in '/home/nat/ws_ruka/build/ruka_gz': CMAKE_PREFIX_PATH=${CMAKE_PREFIX_PATH}:/home/nat/ws_explorer/install/ros2_control_demo_testing:/home/nat/roverchallenge-ru/install/simulation:/opt/ros/jazzy DEBUGINFOD_URLS=https://debuginfod.ubuntu.com /usr/bin/cmake --install /home/nat/ws_ruka/build/ruka_gz
[0.164s] -- Install configuration: ""
[0.165s] -- Up-to-date: /home/nat/ws_ruka/install/ruka_gz/share/ruka_gz/launch
[0.165s] -- Up-to-date: /home/nat/ws_ruka/install/ruka_gz/share/ruka_gz/launch/gazebo.launch.py
[0.165s] -- Up-to-date: /home/nat/ws_ruka/install/ruka_gz/share/ruka_gz/config
[0.165s] -- Up-to-date: /home/nat/ws_ruka/install/ruka_gz/share/ruka_gz/config/shok_controllers.yaml
[0.165s] -- Up-to-date: /home/nat/ws_ruka/install/ruka_gz/share/ruka_gz/config/ruka_gz.urdf.xacro
[0.165s] -- Up-to-date: /home/nat/ws_ruka/install/ruka_gz/share/ruka_gz/config/ruka_gz.urdf
[0.165s] -- Up-to-date: /home/nat/ws_ruka/install/ruka_gz/share/ruka_gz/config/ruka_gz.ros2_control.xacro
[0.165s] -- Up-to-date: /home/nat/ws_ruka/install/ruka_gz/share/ruka_gz/config/initial_positions.yaml
[0.165s] -- Up-to-date: /home/nat/ws_ruka/install/ruka_gz/include/ruka_gz
[0.165s] -- Up-to-date: /home/nat/ws_ruka/install/ruka_gz/include/ruka_gz/visibility_control.h
[0.166s] -- Up-to-date: /home/nat/ws_ruka/install/ruka_gz/include/ruka_gz/ruka_hardware.hpp
[0.166s] -- Up-to-date: /home/nat/ws_ruka/install/ruka_gz/lib/libruka_gz.so
[0.166s] -- Up-to-date: /home/nat/ws_ruka/install/ruka_gz/share/ruka_gz/environment/library_path.sh
[0.166s] -- Up-to-date: /home/nat/ws_ruka/install/ruka_gz/share/ruka_gz/environment/library_path.dsv
[0.166s] -- Up-to-date: /home/nat/ws_ruka/install/ruka_gz/share/ament_index/resource_index/package_run_dependencies/ruka_gz
[0.166s] -- Up-to-date: /home/nat/ws_ruka/install/ruka_gz/share/ament_index/resource_index/parent_prefix_path/ruka_gz
[0.166s] -- Up-to-date: /home/nat/ws_ruka/install/ruka_gz/share/ruka_gz/environment/ament_prefix_path.sh
[0.166s] -- Up-to-date: /home/nat/ws_ruka/install/ruka_gz/share/ruka_gz/environment/ament_prefix_path.dsv
[0.166s] -- Up-to-date: /home/nat/ws_ruka/install/ruka_gz/share/ruka_gz/environment/path.sh
[0.166s] -- Up-to-date: /home/nat/ws_ruka/install/ruka_gz/share/ruka_gz/environment/path.dsv
[0.166s] -- Up-to-date: /home/nat/ws_ruka/install/ruka_gz/share/ruka_gz/local_setup.bash
[0.166s] -- Up-to-date: /home/nat/ws_ruka/install/ruka_gz/share/ruka_gz/local_setup.sh
[0.166s] -- Up-to-date: /home/nat/ws_ruka/install/ruka_gz/share/ruka_gz/local_setup.zsh
[0.167s] -- Up-to-date: /home/nat/ws_ruka/install/ruka_gz/share/ruka_gz/local_setup.dsv
[0.167s] -- Installing: /home/nat/ws_ruka/install/ruka_gz/share/ruka_gz/package.dsv
[0.167s] -- Up-to-date: /home/nat/ws_ruka/install/ruka_gz/share/ament_index/resource_index/packages/ruka_gz
[0.167s] -- Up-to-date: /home/nat/ws_ruka/install/ruka_gz/share/ruka_gz/cmake/export_ruka_gzExport.cmake
[0.167s] -- Up-to-date: /home/nat/ws_ruka/install/ruka_gz/share/ruka_gz/cmake/export_ruka_gzExport-noconfig.cmake
[0.167s] -- Up-to-date: /home/nat/ws_ruka/install/ruka_gz/share/ruka_gz/cmake/ament_cmake_export_targets-extras.cmake
[0.167s] -- Up-to-date: /home/nat/ws_ruka/install/ruka_gz/share/ruka_gz/cmake/ament_cmake_export_dependencies-extras.cmake
[0.167s] -- Up-to-date: /home/nat/ws_ruka/install/ruka_gz/share/ruka_gz/cmake/ruka_gzConfig.cmake
[0.167s] -- Up-to-date: /home/nat/ws_ruka/install/ruka_gz/share/ruka_gz/cmake/ruka_gzConfig-version.cmake
[0.167s] -- Up-to-date: /home/nat/ws_ruka/install/ruka_gz/share/ruka_gz/package.xml
[0.168s] Invoked command in '/home/nat/ws_ruka/build/ruka_gz' returned '0': CMAKE_PREFIX_PATH=${CMAKE_PREFIX_PATH}:/home/nat/ws_explorer/install/ros2_control_demo_testing:/home/nat/roverchallenge-ru/install/simulation:/opt/ros/jazzy DEBUGINFOD_URLS=https://debuginfod.ubuntu.com /usr/bin/cmake --install /home/nat/ws_ruka/build/ruka_gz
