[1.489s] Invoking command in '/home/nat/ws_ruka/src/ruka_gz': DEBUGINFOD_URLS=https://debuginfod.ubuntu.com PYTHONPATH=/home/nat/ws_ruka/build/ruka_gz/prefix_override:/usr/lib/python3/dist-packages/colcon_core/task/python/colcon_distutils_commands:/home/nat/ws_ruka/install/ruka_gz/lib/python3.12/site-packages:${PYTHONPATH} /usr/bin/python3 -W ignore:setup.py install is deprecated setup.py egg_info --egg-base ../../build/ruka_gz build --build-base /home/nat/ws_ruka/build/ruka_gz/build install --record /home/nat/ws_ruka/build/ruka_gz/install.log --single-version-externally-managed install_data
[1.964s] running egg_info
[1.998s] writing ../../build/ruka_gz/ruka_gz.egg-info/PKG-INFO
[1.999s] writing dependency_links to ../../build/ruka_gz/ruka_gz.egg-info/dependency_links.txt
[1.999s] writing entry points to ../../build/ruka_gz/ruka_gz.egg-info/entry_points.txt
[1.999s] writing requirements to ../../build/ruka_gz/ruka_gz.egg-info/requires.txt
[2.000s] writing top-level names to ../../build/ruka_gz/ruka_gz.egg-info/top_level.txt
[2.036s] reading manifest file '../../build/ruka_gz/ruka_gz.egg-info/SOURCES.txt'
[2.037s] writing manifest file '../../build/ruka_gz/ruka_gz.egg-info/SOURCES.txt'
[2.038s] running build
[2.038s] running install
[2.048s] running install_data
[2.049s] copying launch/gazebo.launch.py -> /home/nat/ws_ruka/install/ruka_gz/share/ruka_gz
[2.050s] running install_egg_info
[2.122s] removing '/home/nat/ws_ruka/install/ruka_gz/lib/python3.12/site-packages/ruka_gz-0.0.1-py3.12.egg-info' (and everything under it)
[2.123s] Copying ../../build/ruka_gz/ruka_gz.egg-info to /home/nat/ws_ruka/install/ruka_gz/lib/python3.12/site-packages/ruka_gz-0.0.1-py3.12.egg-info
[2.124s] running install_scripts
[2.358s] Installing ruka script to /home/nat/ws_ruka/install/ruka_gz/bin
[2.358s] writing list of installed files to '/home/nat/ws_ruka/build/ruka_gz/install.log'
[2.410s] Invoked command in '/home/nat/ws_ruka/src/ruka_gz' returned '0': DEBUGINFOD_URLS=https://debuginfod.ubuntu.com PYTHONPATH=/home/nat/ws_ruka/build/ruka_gz/prefix_override:/usr/lib/python3/dist-packages/colcon_core/task/python/colcon_distutils_commands:/home/nat/ws_ruka/install/ruka_gz/lib/python3.12/site-packages:${PYTHONPATH} /usr/bin/python3 -W ignore:setup.py install is deprecated setup.py egg_info --egg-base ../../build/ruka_gz build --build-base /home/nat/ws_ruka/build/ruka_gz/build install --record /home/nat/ws_ruka/build/ruka_gz/install.log --single-version-externally-managed install_data
