[100%] Built target ruka
-- Install configuration: ""
-- Up-to-date: /home/nat/ws_ruka/install/ruka/share/ruka/ruka.xml
-- Up-to-date: /home/nat/ws_ruka/install/ruka/share/ruka/launch
-- Installing: /home/nat/ws_ruka/install/ruka/share/ruka/launch/without_cont.launch.py
-- Up-to-date: /home/nat/ws_ruka/install/ruka/share/ruka/launch/with_cont.launch.py
-- Up-to-date: /home/nat/ws_ruka/install/ruka/share/ruka/config
-- Up-to-date: /home/nat/ws_ruka/install/ruka/share/ruka/config/ompl_planning.yaml
-- Up-to-date: /home/nat/ws_ruka/install/ruka/share/ruka/config/ros2_controllers.yaml
-- Up-to-date: /home/nat/ws_ruka/install/ruka/share/ruka/config/ruka.srdf
-- Up-to-date: /home/nat/ws_ruka/install/ruka/share/ruka/config/pilz_cartesian_limits.yaml
-- Up-to-date: /home/nat/ws_ruka/install/ruka/share/ruka/config/moveit_controllers.yaml
-- Up-to-date: /home/nat/ws_ruka/install/ruka/share/ruka/config/moveit.rviz
-- Up-to-date: /home/nat/ws_ruka/install/ruka/share/ruka/config/sensors_3d.yaml
-- Up-to-date: /home/nat/ws_ruka/install/ruka/share/ruka/config/imu.ros2_control.xacro
-- Up-to-date: /home/nat/ws_ruka/install/ruka/share/ruka/config/ruka.ros2_control.xacro
-- Up-to-date: /home/nat/ws_ruka/install/ruka/share/ruka/config/joint_limits.yaml
-- Up-to-date: /home/nat/ws_ruka/install/ruka/share/ruka/config/ruka.urdf.xacro
-- Up-to-date: /home/nat/ws_ruka/install/ruka/share/ruka/config/ruka.urdf
-- Up-to-date: /home/nat/ws_ruka/install/ruka/share/ruka/config/kinematics.yaml
-- Up-to-date: /home/nat/ws_ruka/install/ruka/share/ruka/config/initial_positions.yaml
-- Up-to-date: /home/nat/ws_ruka/install/ruka/share/ruka/.setup_assistant
-- Up-to-date: /home/nat/ws_ruka/install/ruka/include/ruka
-- Up-to-date: /home/nat/ws_ruka/install/ruka/include/ruka/ruka_sensor_hardware.hpp
-- Up-to-date: /home/nat/ws_ruka/install/ruka/include/ruka/visibility_control.h
-- Up-to-date: /home/nat/ws_ruka/install/ruka/include/ruka/ruka_hardware.hpp
-- Up-to-date: /home/nat/ws_ruka/install/ruka/lib/libruka.so
-- Up-to-date: /home/nat/ws_ruka/install/ruka/share/ruka/environment/library_path.sh
-- Up-to-date: /home/nat/ws_ruka/install/ruka/share/ruka/environment/library_path.dsv
-- Up-to-date: /home/nat/ws_ruka/install/ruka/share/ament_index/resource_index/package_run_dependencies/ruka
-- Up-to-date: /home/nat/ws_ruka/install/ruka/share/ament_index/resource_index/parent_prefix_path/ruka
-- Up-to-date: /home/nat/ws_ruka/install/ruka/share/ruka/environment/ament_prefix_path.sh
-- Up-to-date: /home/nat/ws_ruka/install/ruka/share/ruka/environment/ament_prefix_path.dsv
-- Up-to-date: /home/nat/ws_ruka/install/ruka/share/ruka/environment/path.sh
-- Up-to-date: /home/nat/ws_ruka/install/ruka/share/ruka/environment/path.dsv
-- Up-to-date: /home/nat/ws_ruka/install/ruka/share/ruka/local_setup.bash
-- Up-to-date: /home/nat/ws_ruka/install/ruka/share/ruka/local_setup.sh
-- Up-to-date: /home/nat/ws_ruka/install/ruka/share/ruka/local_setup.zsh
-- Up-to-date: /home/nat/ws_ruka/install/ruka/share/ruka/local_setup.dsv
-- Installing: /home/nat/ws_ruka/install/ruka/share/ruka/package.dsv
-- Up-to-date: /home/nat/ws_ruka/install/ruka/share/ament_index/resource_index/packages/ruka
-- Up-to-date: /home/nat/ws_ruka/install/ruka/share/ament_index/resource_index/hardware_interface__pluginlib__plugin/ruka
-- Up-to-date: /home/nat/ws_ruka/install/ruka/share/ruka/cmake/export_rukaExport.cmake
-- Up-to-date: /home/nat/ws_ruka/install/ruka/share/ruka/cmake/export_rukaExport-noconfig.cmake
-- Up-to-date: /home/nat/ws_ruka/install/ruka/share/ruka/cmake/ament_cmake_export_targets-extras.cmake
-- Up-to-date: /home/nat/ws_ruka/install/ruka/share/ruka/cmake/ament_cmake_export_dependencies-extras.cmake
-- Up-to-date: /home/nat/ws_ruka/install/ruka/share/ruka/cmake/rukaConfig.cmake
-- Up-to-date: /home/nat/ws_ruka/install/ruka/share/ruka/cmake/rukaConfig-version.cmake
-- Up-to-date: /home/nat/ws_ruka/install/ruka/share/ruka/package.xml
