[0.322s] DEBUG:colcon:Command line arguments: ['/usr/bin/colcon', 'build', '--packages-select', 'ruka']
[0.322s] DEBUG:colcon:Parsed command line arguments: Namespace(log_base=None, log_level=None, verb_name='build', build_base='build', install_base='install', merge_install=False, symlink_install=False, test_result_base=None, continue_on_error=False, executor='parallel', parallel_workers=12, event_handlers=None, ignore_user_meta=False, metas=['./colcon.meta'], base_paths=['.'], packages_ignore=None, packages_ignore_regex=None, paths=None, packages_up_to=None, packages_up_to_regex=None, packages_above=None, packages_above_and_dependencies=None, packages_above_depth=None, packages_select_by_dep=None, packages_skip_by_dep=None, packages_skip_up_to=None, packages_select_build_failed=False, packages_skip_build_finished=False, packages_select_test_failures=False, packages_skip_test_passed=False, packages_select=['ruka'], packages_skip=None, packages_select_regex=None, packages_skip_regex=None, packages_start=None, packages_end=None, allow_overriding=[], cmake_args=None, cmake_target=None, cmake_target_skip_unavailable=False, cmake_clean_cache=False, cmake_clean_first=False, cmake_force_configure=False, ament_cmake_args=None, catkin_cmake_args=None, catkin_skip_building_tests=False, mixin_files=None, mixin=None, verb_parser=<colcon_mixin.mixin.mixin_argument.MixinArgumentDecorator object at 0x7cdeb1c8f0b0>, verb_extension=<colcon_core.verb.build.BuildVerb object at 0x7cdeb1db9130>, main=<bound method BuildVerb.main of <colcon_core.verb.build.BuildVerb object at 0x7cdeb1db9130>>, mixin_verb=('build',))
[0.415s] Level 1:colcon.colcon_core.package_discovery:discover_packages(colcon_meta) check parameters
[0.415s] Level 1:colcon.colcon_core.package_discovery:discover_packages(recursive) check parameters
[0.415s] Level 1:colcon.colcon_core.package_discovery:discover_packages(ignore) check parameters
[0.415s] Level 1:colcon.colcon_core.package_discovery:discover_packages(path) check parameters
[0.415s] Level 1:colcon.colcon_core.package_discovery:discover_packages(colcon_meta) discover
[0.415s] Level 1:colcon.colcon_core.package_discovery:discover_packages(recursive) discover
[0.415s] INFO:colcon.colcon_core.package_discovery:Crawling recursively for packages in '/home/nat/ws_ruka'
[0.415s] Level 1:colcon.colcon_core.package_identification:_identify(.) by extensions ['ignore', 'ignore_ament_install']
[0.416s] Level 1:colcon.colcon_core.package_identification:_identify(.) by extension 'ignore'
[0.416s] Level 1:colcon.colcon_core.package_identification:_identify(.) by extension 'ignore_ament_install'
[0.416s] Level 1:colcon.colcon_core.package_identification:_identify(.) by extensions ['colcon_pkg']
[0.416s] Level 1:colcon.colcon_core.package_identification:_identify(.) by extension 'colcon_pkg'
[0.416s] Level 1:colcon.colcon_core.package_identification:_identify(.) by extensions ['colcon_meta']
[0.416s] Level 1:colcon.colcon_core.package_identification:_identify(.) by extension 'colcon_meta'
[0.416s] Level 1:colcon.colcon_core.package_identification:_identify(.) by extensions ['ros']
[0.416s] Level 1:colcon.colcon_core.package_identification:_identify(.) by extension 'ros'
[0.462s] Level 1:colcon.colcon_core.package_identification:_identify(.) by extensions ['cmake', 'python']
[0.462s] Level 1:colcon.colcon_core.package_identification:_identify(.) by extension 'cmake'
[0.462s] Level 1:colcon.colcon_core.package_identification:_identify(.) by extension 'python'
[0.463s] Level 1:colcon.colcon_core.package_identification:_identify(.) by extensions ['python_setup_py']
[0.463s] Level 1:colcon.colcon_core.package_identification:_identify(.) by extension 'python_setup_py'
[0.463s] Level 1:colcon.colcon_core.package_identification:_identify(build) by extensions ['ignore', 'ignore_ament_install']
[0.463s] Level 1:colcon.colcon_core.package_identification:_identify(build) by extension 'ignore'
[0.463s] Level 1:colcon.colcon_core.package_identification:_identify(build) ignored
[0.464s] Level 1:colcon.colcon_core.package_identification:_identify(install) by extensions ['ignore', 'ignore_ament_install']
[0.464s] Level 1:colcon.colcon_core.package_identification:_identify(install) by extension 'ignore'
[0.464s] Level 1:colcon.colcon_core.package_identification:_identify(install) ignored
[0.464s] Level 1:colcon.colcon_core.package_identification:_identify(log) by extensions ['ignore', 'ignore_ament_install']
[0.464s] Level 1:colcon.colcon_core.package_identification:_identify(log) by extension 'ignore'
[0.464s] Level 1:colcon.colcon_core.package_identification:_identify(log) ignored
[0.464s] Level 1:colcon.colcon_core.package_identification:_identify(src) by extensions ['ignore', 'ignore_ament_install']
[0.464s] Level 1:colcon.colcon_core.package_identification:_identify(src) by extension 'ignore'
[0.465s] Level 1:colcon.colcon_core.package_identification:_identify(src) by extension 'ignore_ament_install'
[0.465s] Level 1:colcon.colcon_core.package_identification:_identify(src) by extensions ['colcon_pkg']
[0.465s] Level 1:colcon.colcon_core.package_identification:_identify(src) by extension 'colcon_pkg'
[0.465s] Level 1:colcon.colcon_core.package_identification:_identify(src) by extensions ['colcon_meta']
[0.465s] Level 1:colcon.colcon_core.package_identification:_identify(src) by extension 'colcon_meta'
[0.465s] Level 1:colcon.colcon_core.package_identification:_identify(src) by extensions ['ros']
[0.465s] Level 1:colcon.colcon_core.package_identification:_identify(src) by extension 'ros'
[0.465s] Level 1:colcon.colcon_core.package_identification:_identify(src) by extensions ['cmake', 'python']
[0.465s] Level 1:colcon.colcon_core.package_identification:_identify(src) by extension 'cmake'
[0.465s] Level 1:colcon.colcon_core.package_identification:_identify(src) by extension 'python'
[0.465s] Level 1:colcon.colcon_core.package_identification:_identify(src) by extensions ['python_setup_py']
[0.465s] Level 1:colcon.colcon_core.package_identification:_identify(src) by extension 'python_setup_py'
[0.466s] Level 1:colcon.colcon_core.package_identification:_identify(src/demo) by extensions ['ignore', 'ignore_ament_install']
[0.466s] Level 1:colcon.colcon_core.package_identification:_identify(src/demo) by extension 'ignore'
[0.466s] Level 1:colcon.colcon_core.package_identification:_identify(src/demo) by extension 'ignore_ament_install'
[0.466s] Level 1:colcon.colcon_core.package_identification:_identify(src/demo) by extensions ['colcon_pkg']
[0.466s] Level 1:colcon.colcon_core.package_identification:_identify(src/demo) by extension 'colcon_pkg'
[0.466s] Level 1:colcon.colcon_core.package_identification:_identify(src/demo) by extensions ['colcon_meta']
[0.466s] Level 1:colcon.colcon_core.package_identification:_identify(src/demo) by extension 'colcon_meta'
[0.466s] Level 1:colcon.colcon_core.package_identification:_identify(src/demo) by extensions ['ros']
[0.466s] Level 1:colcon.colcon_core.package_identification:_identify(src/demo) by extension 'ros'
[0.472s] DEBUG:colcon.colcon_core.package_identification:Package 'src/demo' with type 'ros.ament_cmake' and name 'moveit_task_constructor_demo'
[0.472s] Level 1:colcon.colcon_core.package_identification:_identify(src/libcxxcanard) by extensions ['ignore', 'ignore_ament_install']
[0.472s] Level 1:colcon.colcon_core.package_identification:_identify(src/libcxxcanard) by extension 'ignore'
[0.472s] Level 1:colcon.colcon_core.package_identification:_identify(src/libcxxcanard) by extension 'ignore_ament_install'
[0.473s] Level 1:colcon.colcon_core.package_identification:_identify(src/libcxxcanard) by extensions ['colcon_pkg']
[0.473s] Level 1:colcon.colcon_core.package_identification:_identify(src/libcxxcanard) by extension 'colcon_pkg'
[0.473s] Level 1:colcon.colcon_core.package_identification:_identify(src/libcxxcanard) by extensions ['colcon_meta']
[0.473s] Level 1:colcon.colcon_core.package_identification:_identify(src/libcxxcanard) by extension 'colcon_meta'
[0.473s] Level 1:colcon.colcon_core.package_identification:_identify(src/libcxxcanard) by extensions ['ros']
[0.473s] Level 1:colcon.colcon_core.package_identification:_identify(src/libcxxcanard) by extension 'ros'
[0.473s] Level 1:colcon.colcon_core.package_identification:_identify(src/libcxxcanard) by extensions ['cmake', 'python']
[0.473s] Level 1:colcon.colcon_core.package_identification:_identify(src/libcxxcanard) by extension 'cmake'
[0.487s] Level 1:colcon.colcon_core.package_identification:_identify(src/libcxxcanard) by extension 'python'
[0.488s] DEBUG:colcon.colcon_core.package_identification:Package 'src/libcxxcanard' with type 'cmake' and name 'libcxxcanard'
[0.488s] Level 1:colcon.colcon_core.package_identification:_identify(src/moveit_task_constructor) by extensions ['ignore', 'ignore_ament_install']
[0.488s] Level 1:colcon.colcon_core.package_identification:_identify(src/moveit_task_constructor) by extension 'ignore'
[0.488s] Level 1:colcon.colcon_core.package_identification:_identify(src/moveit_task_constructor) by extension 'ignore_ament_install'
[0.488s] Level 1:colcon.colcon_core.package_identification:_identify(src/moveit_task_constructor) by extensions ['colcon_pkg']
[0.488s] Level 1:colcon.colcon_core.package_identification:_identify(src/moveit_task_constructor) by extension 'colcon_pkg'
[0.488s] Level 1:colcon.colcon_core.package_identification:_identify(src/moveit_task_constructor) by extensions ['colcon_meta']
[0.488s] Level 1:colcon.colcon_core.package_identification:_identify(src/moveit_task_constructor) by extension 'colcon_meta'
[0.488s] Level 1:colcon.colcon_core.package_identification:_identify(src/moveit_task_constructor) by extensions ['ros']
[0.488s] Level 1:colcon.colcon_core.package_identification:_identify(src/moveit_task_constructor) by extension 'ros'
[0.489s] Level 1:colcon.colcon_core.package_identification:_identify(src/moveit_task_constructor) by extensions ['cmake', 'python']
[0.489s] Level 1:colcon.colcon_core.package_identification:_identify(src/moveit_task_constructor) by extension 'cmake'
[0.489s] Level 1:colcon.colcon_core.package_identification:_identify(src/moveit_task_constructor) by extension 'python'
[0.489s] Level 1:colcon.colcon_core.package_identification:_identify(src/moveit_task_constructor) by extensions ['python_setup_py']
[0.489s] Level 1:colcon.colcon_core.package_identification:_identify(src/moveit_task_constructor) by extension 'python_setup_py'
[0.489s] Level 1:colcon.colcon_core.package_identification:_identify(src/moveit_task_constructor/capabilities) by extensions ['ignore', 'ignore_ament_install']
[0.489s] Level 1:colcon.colcon_core.package_identification:_identify(src/moveit_task_constructor/capabilities) by extension 'ignore'
[0.489s] Level 1:colcon.colcon_core.package_identification:_identify(src/moveit_task_constructor/capabilities) by extension 'ignore_ament_install'
[0.490s] Level 1:colcon.colcon_core.package_identification:_identify(src/moveit_task_constructor/capabilities) by extensions ['colcon_pkg']
[0.490s] Level 1:colcon.colcon_core.package_identification:_identify(src/moveit_task_constructor/capabilities) by extension 'colcon_pkg'
[0.490s] Level 1:colcon.colcon_core.package_identification:_identify(src/moveit_task_constructor/capabilities) by extensions ['colcon_meta']
[0.490s] Level 1:colcon.colcon_core.package_identification:_identify(src/moveit_task_constructor/capabilities) by extension 'colcon_meta'
[0.490s] Level 1:colcon.colcon_core.package_identification:_identify(src/moveit_task_constructor/capabilities) by extensions ['ros']
[0.490s] Level 1:colcon.colcon_core.package_identification:_identify(src/moveit_task_constructor/capabilities) by extension 'ros'
[0.492s] DEBUG:colcon.colcon_core.package_identification:Package 'src/moveit_task_constructor/capabilities' with type 'ros.ament_cmake' and name 'moveit_task_constructor_capabilities'
[0.493s] Level 1:colcon.colcon_core.package_identification:_identify(src/moveit_task_constructor/core) by extensions ['ignore', 'ignore_ament_install']
[0.493s] Level 1:colcon.colcon_core.package_identification:_identify(src/moveit_task_constructor/core) by extension 'ignore'
[0.493s] Level 1:colcon.colcon_core.package_identification:_identify(src/moveit_task_constructor/core) by extension 'ignore_ament_install'
[0.493s] Level 1:colcon.colcon_core.package_identification:_identify(src/moveit_task_constructor/core) by extensions ['colcon_pkg']
[0.493s] Level 1:colcon.colcon_core.package_identification:_identify(src/moveit_task_constructor/core) by extension 'colcon_pkg'
[0.494s] Level 1:colcon.colcon_core.package_identification:_identify(src/moveit_task_constructor/core) by extensions ['colcon_meta']
[0.494s] Level 1:colcon.colcon_core.package_identification:_identify(src/moveit_task_constructor/core) by extension 'colcon_meta'
[0.494s] Level 1:colcon.colcon_core.package_identification:_identify(src/moveit_task_constructor/core) by extensions ['ros']
[0.494s] Level 1:colcon.colcon_core.package_identification:_identify(src/moveit_task_constructor/core) by extension 'ros'
[0.496s] DEBUG:colcon.colcon_core.package_identification:Package 'src/moveit_task_constructor/core' with type 'ros.ament_cmake' and name 'moveit_task_constructor_core'
[0.496s] Level 1:colcon.colcon_core.package_identification:_identify(src/moveit_task_constructor/demo) by extensions ['ignore', 'ignore_ament_install']
[0.496s] Level 1:colcon.colcon_core.package_identification:_identify(src/moveit_task_constructor/demo) by extension 'ignore'
[0.496s] Level 1:colcon.colcon_core.package_identification:_identify(src/moveit_task_constructor/demo) by extension 'ignore_ament_install'
[0.497s] Level 1:colcon.colcon_core.package_identification:_identify(src/moveit_task_constructor/demo) by extensions ['colcon_pkg']
[0.497s] Level 1:colcon.colcon_core.package_identification:_identify(src/moveit_task_constructor/demo) by extension 'colcon_pkg'
[0.497s] Level 1:colcon.colcon_core.package_identification:_identify(src/moveit_task_constructor/demo) by extensions ['colcon_meta']
[0.497s] Level 1:colcon.colcon_core.package_identification:_identify(src/moveit_task_constructor/demo) by extension 'colcon_meta'
[0.497s] Level 1:colcon.colcon_core.package_identification:_identify(src/moveit_task_constructor/demo) by extensions ['ros']
[0.497s] Level 1:colcon.colcon_core.package_identification:_identify(src/moveit_task_constructor/demo) by extension 'ros'
[0.498s] DEBUG:colcon.colcon_core.package_identification:Package 'src/moveit_task_constructor/demo' with type 'ros.ament_cmake' and name 'moveit_task_constructor_demo'
[0.499s] Level 1:colcon.colcon_core.package_identification:_identify(src/moveit_task_constructor/msgs) by extensions ['ignore', 'ignore_ament_install']
[0.499s] Level 1:colcon.colcon_core.package_identification:_identify(src/moveit_task_constructor/msgs) by extension 'ignore'
[0.499s] Level 1:colcon.colcon_core.package_identification:_identify(src/moveit_task_constructor/msgs) by extension 'ignore_ament_install'
[0.499s] Level 1:colcon.colcon_core.package_identification:_identify(src/moveit_task_constructor/msgs) by extensions ['colcon_pkg']
[0.499s] Level 1:colcon.colcon_core.package_identification:_identify(src/moveit_task_constructor/msgs) by extension 'colcon_pkg'
[0.499s] Level 1:colcon.colcon_core.package_identification:_identify(src/moveit_task_constructor/msgs) by extensions ['colcon_meta']
[0.499s] Level 1:colcon.colcon_core.package_identification:_identify(src/moveit_task_constructor/msgs) by extension 'colcon_meta'
[0.500s] Level 1:colcon.colcon_core.package_identification:_identify(src/moveit_task_constructor/msgs) by extensions ['ros']
[0.500s] Level 1:colcon.colcon_core.package_identification:_identify(src/moveit_task_constructor/msgs) by extension 'ros'
[0.501s] DEBUG:colcon.colcon_core.package_identification:Package 'src/moveit_task_constructor/msgs' with type 'ros.ament_cmake' and name 'moveit_task_constructor_msgs'
[0.501s] Level 1:colcon.colcon_core.package_identification:_identify(src/moveit_task_constructor/rviz_marker_tools) by extensions ['ignore', 'ignore_ament_install']
[0.501s] Level 1:colcon.colcon_core.package_identification:_identify(src/moveit_task_constructor/rviz_marker_tools) by extension 'ignore'
[0.501s] Level 1:colcon.colcon_core.package_identification:_identify(src/moveit_task_constructor/rviz_marker_tools) by extension 'ignore_ament_install'
[0.501s] Level 1:colcon.colcon_core.package_identification:_identify(src/moveit_task_constructor/rviz_marker_tools) by extensions ['colcon_pkg']
[0.501s] Level 1:colcon.colcon_core.package_identification:_identify(src/moveit_task_constructor/rviz_marker_tools) by extension 'colcon_pkg'
[0.502s] Level 1:colcon.colcon_core.package_identification:_identify(src/moveit_task_constructor/rviz_marker_tools) by extensions ['colcon_meta']
[0.502s] Level 1:colcon.colcon_core.package_identification:_identify(src/moveit_task_constructor/rviz_marker_tools) by extension 'colcon_meta'
[0.502s] Level 1:colcon.colcon_core.package_identification:_identify(src/moveit_task_constructor/rviz_marker_tools) by extensions ['ros']
[0.502s] Level 1:colcon.colcon_core.package_identification:_identify(src/moveit_task_constructor/rviz_marker_tools) by extension 'ros'
[0.503s] DEBUG:colcon.colcon_core.package_identification:Package 'src/moveit_task_constructor/rviz_marker_tools' with type 'ros.ament_cmake' and name 'rviz_marker_tools'
[0.504s] Level 1:colcon.colcon_core.package_identification:_identify(src/moveit_task_constructor/visualization) by extensions ['ignore', 'ignore_ament_install']
[0.504s] Level 1:colcon.colcon_core.package_identification:_identify(src/moveit_task_constructor/visualization) by extension 'ignore'
[0.504s] Level 1:colcon.colcon_core.package_identification:_identify(src/moveit_task_constructor/visualization) by extension 'ignore_ament_install'
[0.504s] Level 1:colcon.colcon_core.package_identification:_identify(src/moveit_task_constructor/visualization) by extensions ['colcon_pkg']
[0.504s] Level 1:colcon.colcon_core.package_identification:_identify(src/moveit_task_constructor/visualization) by extension 'colcon_pkg'
[0.504s] Level 1:colcon.colcon_core.package_identification:_identify(src/moveit_task_constructor/visualization) by extensions ['colcon_meta']
[0.504s] Level 1:colcon.colcon_core.package_identification:_identify(src/moveit_task_constructor/visualization) by extension 'colcon_meta'
[0.504s] Level 1:colcon.colcon_core.package_identification:_identify(src/moveit_task_constructor/visualization) by extensions ['ros']
[0.504s] Level 1:colcon.colcon_core.package_identification:_identify(src/moveit_task_constructor/visualization) by extension 'ros'
[0.506s] DEBUG:colcon.colcon_core.package_identification:Package 'src/moveit_task_constructor/visualization' with type 'ros.ament_cmake' and name 'moveit_task_constructor_visualization'
[0.506s] Level 1:colcon.colcon_core.package_identification:_identify(src/mtc_ruka) by extensions ['ignore', 'ignore_ament_install']
[0.506s] Level 1:colcon.colcon_core.package_identification:_identify(src/mtc_ruka) by extension 'ignore'
[0.506s] Level 1:colcon.colcon_core.package_identification:_identify(src/mtc_ruka) by extension 'ignore_ament_install'
[0.507s] Level 1:colcon.colcon_core.package_identification:_identify(src/mtc_ruka) by extensions ['colcon_pkg']
[0.507s] Level 1:colcon.colcon_core.package_identification:_identify(src/mtc_ruka) by extension 'colcon_pkg'
[0.507s] Level 1:colcon.colcon_core.package_identification:_identify(src/mtc_ruka) by extensions ['colcon_meta']
[0.507s] Level 1:colcon.colcon_core.package_identification:_identify(src/mtc_ruka) by extension 'colcon_meta'
[0.507s] Level 1:colcon.colcon_core.package_identification:_identify(src/mtc_ruka) by extensions ['ros']
[0.507s] Level 1:colcon.colcon_core.package_identification:_identify(src/mtc_ruka) by extension 'ros'
[0.508s] DEBUG:colcon.colcon_core.package_identification:Package 'src/mtc_ruka' with type 'ros.ament_cmake' and name 'mtc_ruka'
[0.508s] Level 1:colcon.colcon_core.package_identification:_identify(src/new_ruka) by extensions ['ignore', 'ignore_ament_install']
[0.508s] Level 1:colcon.colcon_core.package_identification:_identify(src/new_ruka) by extension 'ignore'
[0.509s] Level 1:colcon.colcon_core.package_identification:_identify(src/new_ruka) by extension 'ignore_ament_install'
[0.509s] Level 1:colcon.colcon_core.package_identification:_identify(src/new_ruka) by extensions ['colcon_pkg']
[0.509s] Level 1:colcon.colcon_core.package_identification:_identify(src/new_ruka) by extension 'colcon_pkg'
[0.509s] Level 1:colcon.colcon_core.package_identification:_identify(src/new_ruka) by extensions ['colcon_meta']
[0.509s] Level 1:colcon.colcon_core.package_identification:_identify(src/new_ruka) by extension 'colcon_meta'
[0.509s] Level 1:colcon.colcon_core.package_identification:_identify(src/new_ruka) by extensions ['ros']
[0.509s] Level 1:colcon.colcon_core.package_identification:_identify(src/new_ruka) by extension 'ros'
[0.510s] DEBUG:colcon.colcon_core.package_identification:Package 'src/new_ruka' with type 'ros.ament_cmake' and name 'new_ruka'
[0.510s] Level 1:colcon.colcon_core.package_identification:_identify(src/planner_base) by extensions ['ignore', 'ignore_ament_install']
[0.511s] Level 1:colcon.colcon_core.package_identification:_identify(src/planner_base) by extension 'ignore'
[0.511s] Level 1:colcon.colcon_core.package_identification:_identify(src/planner_base) by extension 'ignore_ament_install'
[0.511s] Level 1:colcon.colcon_core.package_identification:_identify(src/planner_base) by extensions ['colcon_pkg']
[0.511s] Level 1:colcon.colcon_core.package_identification:_identify(src/planner_base) by extension 'colcon_pkg'
[0.511s] Level 1:colcon.colcon_core.package_identification:_identify(src/planner_base) by extensions ['colcon_meta']
[0.511s] Level 1:colcon.colcon_core.package_identification:_identify(src/planner_base) by extension 'colcon_meta'
[0.511s] Level 1:colcon.colcon_core.package_identification:_identify(src/planner_base) by extensions ['ros']
[0.511s] Level 1:colcon.colcon_core.package_identification:_identify(src/planner_base) by extension 'ros'
[0.512s] DEBUG:colcon.colcon_core.package_identification:Package 'src/planner_base' with type 'ros.ament_cmake' and name 'planner_base'
[0.512s] Level 1:colcon.colcon_core.package_identification:_identify(src/planner_plugins) by extensions ['ignore', 'ignore_ament_install']
[0.512s] Level 1:colcon.colcon_core.package_identification:_identify(src/planner_plugins) by extension 'ignore'
[0.513s] Level 1:colcon.colcon_core.package_identification:_identify(src/planner_plugins) by extension 'ignore_ament_install'
[0.513s] Level 1:colcon.colcon_core.package_identification:_identify(src/planner_plugins) by extensions ['colcon_pkg']
[0.513s] Level 1:colcon.colcon_core.package_identification:_identify(src/planner_plugins) by extension 'colcon_pkg'
[0.513s] Level 1:colcon.colcon_core.package_identification:_identify(src/planner_plugins) by extensions ['colcon_meta']
[0.513s] Level 1:colcon.colcon_core.package_identification:_identify(src/planner_plugins) by extension 'colcon_meta'
[0.513s] Level 1:colcon.colcon_core.package_identification:_identify(src/planner_plugins) by extensions ['ros']
[0.513s] Level 1:colcon.colcon_core.package_identification:_identify(src/planner_plugins) by extension 'ros'
[0.514s] DEBUG:colcon.colcon_core.package_identification:Package 'src/planner_plugins' with type 'ros.ament_cmake' and name 'planner_plugins'
[0.514s] Level 1:colcon.colcon_core.package_identification:_identify(src/ruka) by extensions ['ignore', 'ignore_ament_install']
[0.514s] Level 1:colcon.colcon_core.package_identification:_identify(src/ruka) by extension 'ignore'
[0.514s] Level 1:colcon.colcon_core.package_identification:_identify(src/ruka) by extension 'ignore_ament_install'
[0.514s] Level 1:colcon.colcon_core.package_identification:_identify(src/ruka) by extensions ['colcon_pkg']
[0.515s] Level 1:colcon.colcon_core.package_identification:_identify(src/ruka) by extension 'colcon_pkg'
[0.515s] Level 1:colcon.colcon_core.package_identification:_identify(src/ruka) by extensions ['colcon_meta']
[0.515s] Level 1:colcon.colcon_core.package_identification:_identify(src/ruka) by extension 'colcon_meta'
[0.515s] Level 1:colcon.colcon_core.package_identification:_identify(src/ruka) by extensions ['ros']
[0.515s] Level 1:colcon.colcon_core.package_identification:_identify(src/ruka) by extension 'ros'
[0.517s] DEBUG:colcon.colcon_core.package_identification:Package 'src/ruka' with type 'ros.ament_cmake' and name 'ruka'
[0.517s] Level 1:colcon.colcon_core.package_identification:_identify(src/ruka_end_eff) by extensions ['ignore', 'ignore_ament_install']
[0.517s] Level 1:colcon.colcon_core.package_identification:_identify(src/ruka_end_eff) by extension 'ignore'
[0.518s] Level 1:colcon.colcon_core.package_identification:_identify(src/ruka_end_eff) by extension 'ignore_ament_install'
[0.518s] Level 1:colcon.colcon_core.package_identification:_identify(src/ruka_end_eff) by extensions ['colcon_pkg']
[0.518s] Level 1:colcon.colcon_core.package_identification:_identify(src/ruka_end_eff) by extension 'colcon_pkg'
[0.518s] Level 1:colcon.colcon_core.package_identification:_identify(src/ruka_end_eff) by extensions ['colcon_meta']
[0.518s] Level 1:colcon.colcon_core.package_identification:_identify(src/ruka_end_eff) by extension 'colcon_meta'
[0.518s] Level 1:colcon.colcon_core.package_identification:_identify(src/ruka_end_eff) by extensions ['ros']
[0.518s] Level 1:colcon.colcon_core.package_identification:_identify(src/ruka_end_eff) by extension 'ros'
[0.521s] DEBUG:colcon.colcon_core.package_identification:Package 'src/ruka_end_eff' with type 'ros.ament_cmake' and name 'ruka_end_eff'
[0.521s] Level 1:colcon.colcon_core.package_identification:_identify(src/ruka_gz) by extensions ['ignore', 'ignore_ament_install']
[0.521s] Level 1:colcon.colcon_core.package_identification:_identify(src/ruka_gz) by extension 'ignore'
[0.521s] Level 1:colcon.colcon_core.package_identification:_identify(src/ruka_gz) by extension 'ignore_ament_install'
[0.521s] Level 1:colcon.colcon_core.package_identification:_identify(src/ruka_gz) by extensions ['colcon_pkg']
[0.521s] Level 1:colcon.colcon_core.package_identification:_identify(src/ruka_gz) by extension 'colcon_pkg'
[0.521s] Level 1:colcon.colcon_core.package_identification:_identify(src/ruka_gz) by extensions ['colcon_meta']
[0.521s] Level 1:colcon.colcon_core.package_identification:_identify(src/ruka_gz) by extension 'colcon_meta'
[0.522s] Level 1:colcon.colcon_core.package_identification:_identify(src/ruka_gz) by extensions ['ros']
[0.522s] Level 1:colcon.colcon_core.package_identification:_identify(src/ruka_gz) by extension 'ros'
[0.522s] Level 1:colcon.colcon_core.package_identification:_identify(src/ruka_gz) by extensions ['cmake', 'python']
[0.522s] Level 1:colcon.colcon_core.package_identification:_identify(src/ruka_gz) by extension 'cmake'
[0.522s] Level 1:colcon.colcon_core.package_identification:_identify(src/ruka_gz) by extension 'python'
[0.522s] Level 1:colcon.colcon_core.package_identification:_identify(src/ruka_gz) by extensions ['python_setup_py']
[0.522s] Level 1:colcon.colcon_core.package_identification:_identify(src/ruka_gz) by extension 'python_setup_py'
[0.522s] Level 1:colcon.colcon_core.package_identification:_identify(src/ruka_rename) by extensions ['ignore', 'ignore_ament_install']
[0.522s] Level 1:colcon.colcon_core.package_identification:_identify(src/ruka_rename) by extension 'ignore'
[0.522s] Level 1:colcon.colcon_core.package_identification:_identify(src/ruka_rename) by extension 'ignore_ament_install'
[0.522s] Level 1:colcon.colcon_core.package_identification:_identify(src/ruka_rename) by extensions ['colcon_pkg']
[0.523s] Level 1:colcon.colcon_core.package_identification:_identify(src/ruka_rename) by extension 'colcon_pkg'
[0.523s] Level 1:colcon.colcon_core.package_identification:_identify(src/ruka_rename) by extensions ['colcon_meta']
[0.523s] Level 1:colcon.colcon_core.package_identification:_identify(src/ruka_rename) by extension 'colcon_meta'
[0.523s] Level 1:colcon.colcon_core.package_identification:_identify(src/ruka_rename) by extensions ['ros']
[0.523s] Level 1:colcon.colcon_core.package_identification:_identify(src/ruka_rename) by extension 'ros'
[0.524s] DEBUG:colcon.colcon_core.package_identification:Package 'src/ruka_rename' with type 'ros.ament_cmake' and name 'ruka_rename'
[0.524s] Level 1:colcon.colcon_core.package_identification:_identify(src/ruka_try) by extensions ['ignore', 'ignore_ament_install']
[0.524s] Level 1:colcon.colcon_core.package_identification:_identify(src/ruka_try) by extension 'ignore'
[0.524s] Level 1:colcon.colcon_core.package_identification:_identify(src/ruka_try) by extension 'ignore_ament_install'
[0.525s] Level 1:colcon.colcon_core.package_identification:_identify(src/ruka_try) by extensions ['colcon_pkg']
[0.525s] Level 1:colcon.colcon_core.package_identification:_identify(src/ruka_try) by extension 'colcon_pkg'
[0.525s] Level 1:colcon.colcon_core.package_identification:_identify(src/ruka_try) by extensions ['colcon_meta']
[0.525s] Level 1:colcon.colcon_core.package_identification:_identify(src/ruka_try) by extension 'colcon_meta'
[0.525s] Level 1:colcon.colcon_core.package_identification:_identify(src/ruka_try) by extensions ['ros']
[0.525s] Level 1:colcon.colcon_core.package_identification:_identify(src/ruka_try) by extension 'ros'
[0.526s] DEBUG:colcon.colcon_core.package_identification:Package 'src/ruka_try' with type 'ros.ament_cmake' and name 'ruka_try'
[0.526s] Level 1:colcon.colcon_core.package_identification:_identify(src/trajectory) by extensions ['ignore', 'ignore_ament_install']
[0.526s] Level 1:colcon.colcon_core.package_identification:_identify(src/trajectory) by extension 'ignore'
[0.526s] Level 1:colcon.colcon_core.package_identification:_identify(src/trajectory) by extension 'ignore_ament_install'
[0.527s] Level 1:colcon.colcon_core.package_identification:_identify(src/trajectory) by extensions ['colcon_pkg']
[0.527s] Level 1:colcon.colcon_core.package_identification:_identify(src/trajectory) by extension 'colcon_pkg'
[0.527s] Level 1:colcon.colcon_core.package_identification:_identify(src/trajectory) by extensions ['colcon_meta']
[0.527s] Level 1:colcon.colcon_core.package_identification:_identify(src/trajectory) by extension 'colcon_meta'
[0.527s] Level 1:colcon.colcon_core.package_identification:_identify(src/trajectory) by extensions ['ros']
[0.527s] Level 1:colcon.colcon_core.package_identification:_identify(src/trajectory) by extension 'ros'
[0.528s] DEBUG:colcon.colcon_core.package_identification:Package 'src/trajectory' with type 'ros.ament_cmake' and name 'trajectory'
[0.528s] Level 1:colcon.colcon_core.package_discovery:discover_packages(recursive) using defaults
[0.528s] Level 1:colcon.colcon_core.package_discovery:discover_packages(ignore) discover
[0.528s] Level 1:colcon.colcon_core.package_discovery:discover_packages(ignore) using defaults
[0.528s] Level 1:colcon.colcon_core.package_discovery:discover_packages(path) discover
[0.528s] Level 1:colcon.colcon_core.package_discovery:discover_packages(path) using defaults
[0.580s] INFO:colcon.colcon_core.package_selection:Skipping not selected package 'libcxxcanard' in 'src/libcxxcanard'
[0.580s] INFO:colcon.colcon_core.package_selection:Skipping not selected package 'moveit_task_constructor_msgs' in 'src/moveit_task_constructor/msgs'
[0.580s] INFO:colcon.colcon_core.package_selection:Skipping not selected package 'planner_base' in 'src/planner_base'
[0.580s] INFO:colcon.colcon_core.package_selection:Skipping not selected package 'planner_plugins' in 'src/planner_plugins'
[0.580s] INFO:colcon.colcon_core.package_selection:Skipping not selected package 'ruka_end_eff' in 'src/ruka_end_eff'
[0.580s] INFO:colcon.colcon_core.package_selection:Skipping not selected package 'rviz_marker_tools' in 'src/moveit_task_constructor/rviz_marker_tools'
[0.580s] INFO:colcon.colcon_core.package_selection:Skipping not selected package 'trajectory' in 'src/trajectory'
[0.580s] INFO:colcon.colcon_core.package_selection:Skipping not selected package 'moveit_task_constructor_core' in 'src/moveit_task_constructor/core'
[0.580s] INFO:colcon.colcon_core.package_selection:Skipping not selected package 'new_ruka' in 'src/new_ruka'
[0.580s] INFO:colcon.colcon_core.package_selection:Skipping not selected package 'ruka_rename' in 'src/ruka_rename'
[0.580s] INFO:colcon.colcon_core.package_selection:Skipping not selected package 'ruka_try' in 'src/ruka_try'
[0.580s] INFO:colcon.colcon_core.package_selection:Skipping not selected package 'moveit_task_constructor_capabilities' in 'src/moveit_task_constructor/capabilities'
[0.580s] INFO:colcon.colcon_core.package_selection:Skipping not selected package 'moveit_task_constructor_visualization' in 'src/moveit_task_constructor/visualization'
[0.580s] INFO:colcon.colcon_core.package_selection:Skipping not selected package 'moveit_task_constructor_demo' in 'src/demo'
[0.580s] INFO:colcon.colcon_core.package_selection:Skipping not selected package 'moveit_task_constructor_demo' in 'src/moveit_task_constructor/demo'
[0.580s] INFO:colcon.colcon_core.package_selection:Skipping not selected package 'mtc_ruka' in 'src/mtc_ruka'
[0.582s] Level 1:colcon.colcon_core.package_discovery:discover_packages(prefix_path) check parameters
[0.582s] Level 1:colcon.colcon_core.package_discovery:discover_packages(prefix_path) discover
[0.592s] DEBUG:colcon.colcon_installed_package_information.package_discovery:Found 3 installed packages in /home/nat/ws_explorer/install
[0.593s] DEBUG:colcon.colcon_installed_package_information.package_discovery:Found 1 installed packages in /home/nat/roverchallenge-ru/install
[0.594s] DEBUG:colcon.colcon_installed_package_information.package_discovery:Found 1 installed packages in /home/nat/ws_vr/install
[0.594s] DEBUG:colcon.colcon_installed_package_information.package_discovery:Found 1 installed packages in /home/nat/ws_ruka/install
[0.598s] DEBUG:colcon.colcon_installed_package_information.package_discovery:Found 401 installed packages in /opt/ros/jazzy
[0.600s] Level 1:colcon.colcon_core.package_discovery:discover_packages(prefix_path) using defaults
[0.700s] Level 5:colcon.colcon_core.verb:set package 'ruka' build argument 'cmake_args' from command line to 'None'
[0.700s] Level 5:colcon.colcon_core.verb:set package 'ruka' build argument 'cmake_target' from command line to 'None'
[0.700s] Level 5:colcon.colcon_core.verb:set package 'ruka' build argument 'cmake_target_skip_unavailable' from command line to 'False'
[0.700s] Level 5:colcon.colcon_core.verb:set package 'ruka' build argument 'cmake_clean_cache' from command line to 'False'
[0.700s] Level 5:colcon.colcon_core.verb:set package 'ruka' build argument 'cmake_clean_first' from command line to 'False'
[0.700s] Level 5:colcon.colcon_core.verb:set package 'ruka' build argument 'cmake_force_configure' from command line to 'False'
[0.700s] Level 5:colcon.colcon_core.verb:set package 'ruka' build argument 'ament_cmake_args' from command line to 'None'
[0.700s] Level 5:colcon.colcon_core.verb:set package 'ruka' build argument 'catkin_cmake_args' from command line to 'None'
[0.700s] Level 5:colcon.colcon_core.verb:set package 'ruka' build argument 'catkin_skip_building_tests' from command line to 'False'
[0.700s] DEBUG:colcon.colcon_core.verb:Building package 'ruka' with the following arguments: {'ament_cmake_args': None, 'build_base': '/home/nat/ws_ruka/build/ruka', 'catkin_cmake_args': None, 'catkin_skip_building_tests': False, 'cmake_args': None, 'cmake_clean_cache': False, 'cmake_clean_first': False, 'cmake_force_configure': False, 'cmake_target': None, 'cmake_target_skip_unavailable': False, 'install_base': '/home/nat/ws_ruka/install/ruka', 'merge_install': False, 'path': '/home/nat/ws_ruka/src/ruka', 'symlink_install': False, 'test_result_base': None}
[0.700s] INFO:colcon.colcon_core.executor:Executing jobs using 'parallel' executor
[0.702s] DEBUG:colcon.colcon_parallel_executor.executor.parallel:run_until_complete
[0.703s] INFO:colcon.colcon_ros.task.ament_cmake.build:Building ROS package in '/home/nat/ws_ruka/src/ruka' with build type 'ament_cmake'
[0.703s] INFO:colcon.colcon_cmake.task.cmake.build:Building CMake package in '/home/nat/ws_ruka/src/ruka'
[0.711s] INFO:colcon.colcon_core.plugin_system:Skipping extension 'colcon_core.shell.bat': Not used on non-Windows systems
[0.711s] INFO:colcon.colcon_core.shell:Skip shell extension 'powershell' for command environment: Not usable outside of PowerShell
[0.711s] DEBUG:colcon.colcon_core.shell:Skip shell extension 'dsv' for command environment
[0.731s] DEBUG:colcon.colcon_core.event_handler.log_command:Invoking command in '/home/nat/ws_ruka/build/ruka': CMAKE_PREFIX_PATH=${CMAKE_PREFIX_PATH}:/home/nat/ws_explorer/install/ros2_control_demo_testing:/home/nat/roverchallenge-ru/install/simulation:/opt/ros/jazzy DEBUGINFOD_URLS=https://debuginfod.ubuntu.com /usr/bin/cmake --build /home/nat/ws_ruka/build/ruka -- -j12 -l12
[0.941s] DEBUG:colcon.colcon_core.event_handler.log_command:Invoked command in '/home/nat/ws_ruka/build/ruka' returned '0': CMAKE_PREFIX_PATH=${CMAKE_PREFIX_PATH}:/home/nat/ws_explorer/install/ros2_control_demo_testing:/home/nat/roverchallenge-ru/install/simulation:/opt/ros/jazzy DEBUGINFOD_URLS=https://debuginfod.ubuntu.com /usr/bin/cmake --build /home/nat/ws_ruka/build/ruka -- -j12 -l12
[1.045s] DEBUG:colcon.colcon_core.event_handler.log_command:Invoking command in '/home/nat/ws_ruka/build/ruka': CMAKE_PREFIX_PATH=${CMAKE_PREFIX_PATH}:/home/nat/ws_explorer/install/ros2_control_demo_testing:/home/nat/roverchallenge-ru/install/simulation:/opt/ros/jazzy DEBUGINFOD_URLS=https://debuginfod.ubuntu.com /usr/bin/cmake --install /home/nat/ws_ruka/build/ruka
[1.079s] Level 1:colcon.colcon_core.environment:create_environment_scripts_only(ruka)
[1.080s] DEBUG:colcon.colcon_core.event_handler.log_command:Invoked command in '/home/nat/ws_ruka/build/ruka' returned '0': CMAKE_PREFIX_PATH=${CMAKE_PREFIX_PATH}:/home/nat/ws_explorer/install/ros2_control_demo_testing:/home/nat/roverchallenge-ru/install/simulation:/opt/ros/jazzy DEBUGINFOD_URLS=https://debuginfod.ubuntu.com /usr/bin/cmake --install /home/nat/ws_ruka/build/ruka
[1.088s] Level 1:colcon.colcon_core.environment:checking '/home/nat/ws_ruka/install/ruka' for CMake module files
[1.089s] Level 1:colcon.colcon_core.environment:checking '/home/nat/ws_ruka/install/ruka' for CMake config files
[1.091s] Level 1:colcon.colcon_core.shell:create_environment_hook('ruka', 'cmake_prefix_path')
[1.092s] INFO:colcon.colcon_core.shell:Creating environment hook '/home/nat/ws_ruka/install/ruka/share/ruka/hook/cmake_prefix_path.ps1'
[1.093s] INFO:colcon.colcon_core.shell:Creating environment descriptor '/home/nat/ws_ruka/install/ruka/share/ruka/hook/cmake_prefix_path.dsv'
[1.094s] INFO:colcon.colcon_core.shell:Creating environment hook '/home/nat/ws_ruka/install/ruka/share/ruka/hook/cmake_prefix_path.sh'
[1.095s] Level 1:colcon.colcon_core.environment:checking '/home/nat/ws_ruka/install/ruka/lib'
[1.095s] Level 1:colcon.colcon_core.shell:create_environment_hook('ruka', 'ld_library_path_lib')
[1.096s] INFO:colcon.colcon_core.shell:Creating environment hook '/home/nat/ws_ruka/install/ruka/share/ruka/hook/ld_library_path_lib.ps1'
[1.096s] INFO:colcon.colcon_core.shell:Creating environment descriptor '/home/nat/ws_ruka/install/ruka/share/ruka/hook/ld_library_path_lib.dsv'
[1.097s] INFO:colcon.colcon_core.shell:Creating environment hook '/home/nat/ws_ruka/install/ruka/share/ruka/hook/ld_library_path_lib.sh'
[1.097s] Level 1:colcon.colcon_core.environment:checking '/home/nat/ws_ruka/install/ruka/bin'
[1.097s] Level 1:colcon.colcon_core.environment:checking '/home/nat/ws_ruka/install/ruka/lib/pkgconfig/ruka.pc'
[1.098s] Level 1:colcon.colcon_core.environment:checking '/home/nat/ws_ruka/install/ruka/lib/python3.12/site-packages'
[1.098s] Level 1:colcon.colcon_core.environment:checking '/home/nat/ws_ruka/install/ruka/bin'
[1.098s] INFO:colcon.colcon_core.shell:Creating package script '/home/nat/ws_ruka/install/ruka/share/ruka/package.ps1'
[1.100s] INFO:colcon.colcon_core.shell:Creating package descriptor '/home/nat/ws_ruka/install/ruka/share/ruka/package.dsv'
[1.101s] INFO:colcon.colcon_core.shell:Creating package script '/home/nat/ws_ruka/install/ruka/share/ruka/package.sh'
[1.102s] INFO:colcon.colcon_core.shell:Creating package script '/home/nat/ws_ruka/install/ruka/share/ruka/package.bash'
[1.104s] INFO:colcon.colcon_core.shell:Creating package script '/home/nat/ws_ruka/install/ruka/share/ruka/package.zsh'
[1.105s] Level 1:colcon.colcon_core.environment:create_file_with_runtime_dependencies(/home/nat/ws_ruka/install/ruka/share/colcon-core/packages/ruka)
[1.174s] Level 1:colcon.colcon_core.environment:create_environment_scripts_only(ruka)
[1.175s] Level 1:colcon.colcon_core.environment:checking '/home/nat/ws_ruka/install/ruka' for CMake module files
[1.176s] Level 1:colcon.colcon_core.environment:checking '/home/nat/ws_ruka/install/ruka' for CMake config files
[1.177s] Level 1:colcon.colcon_core.shell:create_environment_hook('ruka', 'cmake_prefix_path')
[1.177s] INFO:colcon.colcon_core.shell:Creating environment hook '/home/nat/ws_ruka/install/ruka/share/ruka/hook/cmake_prefix_path.ps1'
[1.178s] INFO:colcon.colcon_core.shell:Creating environment descriptor '/home/nat/ws_ruka/install/ruka/share/ruka/hook/cmake_prefix_path.dsv'
[1.178s] INFO:colcon.colcon_core.shell:Creating environment hook '/home/nat/ws_ruka/install/ruka/share/ruka/hook/cmake_prefix_path.sh'
[1.179s] Level 1:colcon.colcon_core.environment:checking '/home/nat/ws_ruka/install/ruka/lib'
[1.179s] Level 1:colcon.colcon_core.shell:create_environment_hook('ruka', 'ld_library_path_lib')
[1.179s] INFO:colcon.colcon_core.shell:Creating environment hook '/home/nat/ws_ruka/install/ruka/share/ruka/hook/ld_library_path_lib.ps1'
[1.180s] INFO:colcon.colcon_core.shell:Creating environment descriptor '/home/nat/ws_ruka/install/ruka/share/ruka/hook/ld_library_path_lib.dsv'
[1.180s] INFO:colcon.colcon_core.shell:Creating environment hook '/home/nat/ws_ruka/install/ruka/share/ruka/hook/ld_library_path_lib.sh'
[1.181s] Level 1:colcon.colcon_core.environment:checking '/home/nat/ws_ruka/install/ruka/bin'
[1.181s] Level 1:colcon.colcon_core.environment:checking '/home/nat/ws_ruka/install/ruka/lib/pkgconfig/ruka.pc'
[1.181s] Level 1:colcon.colcon_core.environment:checking '/home/nat/ws_ruka/install/ruka/lib/python3.12/site-packages'
[1.182s] Level 1:colcon.colcon_core.environment:checking '/home/nat/ws_ruka/install/ruka/bin'
[1.182s] INFO:colcon.colcon_core.shell:Creating package script '/home/nat/ws_ruka/install/ruka/share/ruka/package.ps1'
[1.183s] INFO:colcon.colcon_core.shell:Creating package descriptor '/home/nat/ws_ruka/install/ruka/share/ruka/package.dsv'
[1.184s] INFO:colcon.colcon_core.shell:Creating package script '/home/nat/ws_ruka/install/ruka/share/ruka/package.sh'
[1.210s] INFO:colcon.colcon_core.shell:Creating package script '/home/nat/ws_ruka/install/ruka/share/ruka/package.bash'
[1.211s] INFO:colcon.colcon_core.shell:Creating package script '/home/nat/ws_ruka/install/ruka/share/ruka/package.zsh'
[1.212s] Level 1:colcon.colcon_core.environment:create_file_with_runtime_dependencies(/home/nat/ws_ruka/install/ruka/share/colcon-core/packages/ruka)
[1.213s] DEBUG:colcon.colcon_parallel_executor.executor.parallel:closing loop
[1.214s] DEBUG:colcon.colcon_parallel_executor.executor.parallel:loop closed
[1.214s] DEBUG:colcon.colcon_parallel_executor.executor.parallel:run_until_complete finished with '0'
[1.214s] DEBUG:colcon.colcon_core.event_reactor:joining thread
[1.232s] INFO:colcon.colcon_core.plugin_system:Skipping extension 'colcon_notification.desktop_notification.terminal_notifier': Not used on non-Darwin systems
[1.233s] INFO:colcon.colcon_core.plugin_system:Skipping extension 'colcon_notification.desktop_notification.win32': Not used on non-Windows systems
[1.233s] INFO:colcon.colcon_notification.desktop_notification:Sending desktop notification using 'notify2'
[1.255s] DEBUG:colcon.colcon_core.event_reactor:joined thread
[1.256s] INFO:colcon.colcon_core.shell:Creating prefix script '/home/nat/ws_ruka/install/local_setup.ps1'
[1.258s] INFO:colcon.colcon_core.shell:Creating prefix util module '/home/nat/ws_ruka/install/_local_setup_util_ps1.py'
[1.260s] INFO:colcon.colcon_core.shell:Creating prefix chain script '/home/nat/ws_ruka/install/setup.ps1'
[1.262s] INFO:colcon.colcon_core.shell:Creating prefix script '/home/nat/ws_ruka/install/local_setup.sh'
[1.263s] INFO:colcon.colcon_core.shell:Creating prefix util module '/home/nat/ws_ruka/install/_local_setup_util_sh.py'
[1.264s] INFO:colcon.colcon_core.shell:Creating prefix chain script '/home/nat/ws_ruka/install/setup.sh'
[1.266s] INFO:colcon.colcon_core.shell:Creating prefix script '/home/nat/ws_ruka/install/local_setup.bash'
[1.267s] INFO:colcon.colcon_core.shell:Creating prefix chain script '/home/nat/ws_ruka/install/setup.bash'
[1.269s] INFO:colcon.colcon_core.shell:Creating prefix script '/home/nat/ws_ruka/install/local_setup.zsh'
[1.270s] INFO:colcon.colcon_core.shell:Creating prefix chain script '/home/nat/ws_ruka/install/setup.zsh'
