[0.025s] Invoking command in '/home/nat/ws_ruka/build/ruka_gz': CMAKE_PREFIX_PATH=${CMAKE_PREFIX_PATH}:/home/nat/ws_explorer/install/ros2_control_demo_testing:/home/nat/roverchallenge-ru/install/simulation:/opt/ros/jazzy DEBUGINFOD_URLS=https://debuginfod.ubuntu.com /usr/bin/cmake /home/nat/ws_ruka/src/ruka_gz -DCMAKE_INSTALL_PREFIX=/home/nat/ws_ruka/install/ruka_gz
[0.154s] -- The C compiler identification is GNU 13.2.0
[0.276s] -- The CXX compiler identification is GNU 13.2.0
[0.318s] -- Detecting C compiler ABI info
[0.538s] -- Detecting C compiler ABI info - done
[0.556s] -- Check for working C compiler: /usr/bin/cc - skipped
[0.556s] -- Detecting C compile features
[0.557s] -- Detecting C compile features - done
[0.579s] -- Detecting CXX compiler ABI info
[0.821s] -- Detecting CXX compiler ABI info - done
[0.839s] -- Check for working CXX compiler: /usr/bin/c++ - skipped
[0.839s] -- Detecting CXX compile features
[0.840s] -- Detecting CXX compile features - done
[0.851s] -- Found ament_cmake: 2.5.2 (/opt/ros/jazzy/share/ament_cmake/cmake)
[1.195s] -- Found Python3: /usr/bin/python3 (found version "3.12.3") found components: Interpreter 
[1.484s] -- Found moveit_ros_planning_interface: 2.10.0 (/opt/ros/jazzy/share/moveit_ros_planning_interface/cmake)
[1.782s] -- Found Boost: /usr/lib/x86_64-linux-gnu/cmake/Boost-1.83.0/BoostConfig.cmake (found version "1.83.0") found components: date_time filesystem program_options system thread 
[1.930s] -- Found rosidl_generator_c: 4.6.3 (/opt/ros/jazzy/share/rosidl_generator_c/cmake)
[1.973s] -- Found rosidl_generator_cpp: 4.6.3 (/opt/ros/jazzy/share/rosidl_generator_cpp/cmake)
[2.021s] -- Using all available rosidl_typesupport_c: rosidl_typesupport_fastrtps_c;rosidl_typesupport_introspection_c
[2.072s] -- Using all available rosidl_typesupport_cpp: rosidl_typesupport_fastrtps_cpp;rosidl_typesupport_introspection_cpp
[2.775s] -- Found Boost: /usr/lib/x86_64-linux-gnu/cmake/Boost-1.83.0/BoostConfig.cmake (found version "1.83.0") found components: chrono date_time filesystem iostreams program_options regex serialization system thread 
[2.965s] -- Found parameter_traits: 0.3.8 (/opt/ros/jazzy/share/parameter_traits/cmake)
[3.107s] -- Found rmw_implementation_cmake: 7.3.1 (/opt/ros/jazzy/share/rmw_implementation_cmake/cmake)
[3.118s] -- Found rmw_fastrtps_cpp: 8.4.1 (/opt/ros/jazzy/share/rmw_fastrtps_cpp/cmake)
[3.365s] -- Found OpenSSL: /usr/lib/x86_64-linux-gnu/libcrypto.so (found version "3.0.13")  
[3.401s] -- Found FastRTPS: /opt/ros/jazzy/include (Required is at least version "2.13") 
[3.451s] -- Using RMW implementation 'rmw_fastrtps_cpp' as default
[3.672s] -- Found rclcpp_lifecycle: 28.1.3 (/opt/ros/jazzy/share/rclcpp_lifecycle/cmake)
[3.765s] -- Found Boost: /usr/lib/x86_64-linux-gnu/cmake/Boost-1.83.0/BoostConfig.cmake (found version "1.83.0") found components: filesystem 
[3.936s] -- Found Eigen3: TRUE (found version "3.4.0") 
[3.936s] -- Ensuring Eigen3 include directory is part of orocos-kdl CMake target
[4.367s] -- Found Boost: /usr/lib/x86_64-linux-gnu/cmake/Boost-1.83.0/BoostConfig.cmake (found version "1.83.0") found components: system filesystem date_time program_options thread chrono 
[4.488s] -- Found Boost: /usr/lib/x86_64-linux-gnu/cmake/Boost-1.83.0/BoostConfig.cmake (found version "1.83.0") found components: thread system filesystem regex date_time program_options 
[4.556s] -- Found Boost: /usr/lib/x86_64-linux-gnu/cmake/Boost-1.83.0/BoostConfig.cmake (found version "1.83.0") found components: system filesystem date_time program_options thread 
[4.651s] -- Found hardware_interface: 4.15.0 (/opt/ros/jazzy/share/hardware_interface/cmake)
[4.803s] -- Found controller_interface: 4.15.0 (/opt/ros/jazzy/share/controller_interface/cmake)
[4.822s] -- Found ament_cmake_gtest: 2.5.2 (/opt/ros/jazzy/share/ament_cmake_gtest/cmake)
[4.989s] -- Configuring done (4.9s)
[5.059s] -- Generating done (0.0s)
[5.063s] -- Build files have been written to: /home/nat/ws_ruka/build/ruka_gz
[5.090s] Invoked command in '/home/nat/ws_ruka/build/ruka_gz' returned '0': CMAKE_PREFIX_PATH=${CMAKE_PREFIX_PATH}:/home/nat/ws_explorer/install/ros2_control_demo_testing:/home/nat/roverchallenge-ru/install/simulation:/opt/ros/jazzy DEBUGINFOD_URLS=https://debuginfod.ubuntu.com /usr/bin/cmake /home/nat/ws_ruka/src/ruka_gz -DCMAKE_INSTALL_PREFIX=/home/nat/ws_ruka/install/ruka_gz
[5.093s] Invoking command in '/home/nat/ws_ruka/build/ruka_gz': CMAKE_PREFIX_PATH=${CMAKE_PREFIX_PATH}:/home/nat/ws_explorer/install/ros2_control_demo_testing:/home/nat/roverchallenge-ru/install/simulation:/opt/ros/jazzy DEBUGINFOD_URLS=https://debuginfod.ubuntu.com /usr/bin/cmake --build /home/nat/ws_ruka/build/ruka_gz -- -j12 -l12
[5.222s] [ 50%] [32mBuilding CXX object CMakeFiles/ruka_gz.dir/hardware/ruka_hardware.cpp.o[0m
[8.435s] [100%] [32m[1mLinking CXX shared library libruka_gz.so[0m
[9.418s] [100%] Built target ruka_gz
[9.448s] Invoked command in '/home/nat/ws_ruka/build/ruka_gz' returned '0': CMAKE_PREFIX_PATH=${CMAKE_PREFIX_PATH}:/home/nat/ws_explorer/install/ros2_control_demo_testing:/home/nat/roverchallenge-ru/install/simulation:/opt/ros/jazzy DEBUGINFOD_URLS=https://debuginfod.ubuntu.com /usr/bin/cmake --build /home/nat/ws_ruka/build/ruka_gz -- -j12 -l12
[9.525s] Invoking command in '/home/nat/ws_ruka/build/ruka_gz': CMAKE_PREFIX_PATH=${CMAKE_PREFIX_PATH}:/home/nat/ws_explorer/install/ros2_control_demo_testing:/home/nat/roverchallenge-ru/install/simulation:/opt/ros/jazzy DEBUGINFOD_URLS=https://debuginfod.ubuntu.com /usr/bin/cmake --install /home/nat/ws_ruka/build/ruka_gz
[9.543s] -- Install configuration: ""
[9.544s] -- Installing: /home/nat/ws_ruka/install/ruka_gz/share/ruka_gz/ruka_gz.xml
[9.544s] -- Installing: /home/nat/ws_ruka/install/ruka_gz/share/ruka_gz/launch
[9.545s] -- Installing: /home/nat/ws_ruka/install/ruka_gz/share/ruka_gz/launch/rsp.launch.py
[9.545s] -- Installing: /home/nat/ws_ruka/install/ruka_gz/share/ruka_gz/launch/gazebo.launch.py
[9.545s] -- Installing: /home/nat/ws_ruka/install/ruka_gz/share/ruka_gz/launch/launch_sim.launch.py
[9.545s] -- Installing: /home/nat/ws_ruka/install/ruka_gz/share/ruka_gz/config
[9.546s] -- Installing: /home/nat/ws_ruka/install/ruka_gz/share/ruka_gz/config/ros2_controllers.yaml
[9.546s] -- Installing: /home/nat/ws_ruka/install/ruka_gz/share/ruka_gz/config/ruka_gz.urdf.xacro
[9.546s] -- Installing: /home/nat/ws_ruka/install/ruka_gz/share/ruka_gz/config/ruka_gz.urdf
[9.547s] -- Installing: /home/nat/ws_ruka/install/ruka_gz/share/ruka_gz/config/ruka_gz.ros2_control.xacro
[9.547s] -- Installing: /home/nat/ws_ruka/install/ruka_gz/share/ruka_gz/config/initial_positions.yaml
[9.547s] -- Installing: /home/nat/ws_ruka/install/ruka_gz/include/ruka_gz
[9.547s] -- Installing: /home/nat/ws_ruka/install/ruka_gz/include/ruka_gz/visibility_control.h
[9.547s] -- Installing: /home/nat/ws_ruka/install/ruka_gz/include/ruka_gz/ruka_hardware.hpp
[9.547s] -- Installing: /home/nat/ws_ruka/install/ruka_gz/lib/libruka_gz.so
[9.548s] -- Set non-toolchain portion of runtime path of "/home/nat/ws_ruka/install/ruka_gz/lib/libruka_gz.so" to ""
[9.548s] -- Installing: /home/nat/ws_ruka/install/ruka_gz/share/ruka_gz/environment/library_path.sh
[9.549s] -- Installing: /home/nat/ws_ruka/install/ruka_gz/share/ruka_gz/environment/library_path.dsv
[9.549s] -- Installing: /home/nat/ws_ruka/install/ruka_gz/share/ament_index/resource_index/package_run_dependencies/ruka_gz
[9.549s] -- Installing: /home/nat/ws_ruka/install/ruka_gz/share/ament_index/resource_index/parent_prefix_path/ruka_gz
[9.549s] -- Installing: /home/nat/ws_ruka/install/ruka_gz/share/ruka_gz/environment/ament_prefix_path.sh
[9.550s] -- Installing: /home/nat/ws_ruka/install/ruka_gz/share/ruka_gz/environment/ament_prefix_path.dsv
[9.550s] -- Installing: /home/nat/ws_ruka/install/ruka_gz/share/ruka_gz/environment/path.sh
[9.550s] -- Installing: /home/nat/ws_ruka/install/ruka_gz/share/ruka_gz/environment/path.dsv
[9.551s] -- Installing: /home/nat/ws_ruka/install/ruka_gz/share/ruka_gz/local_setup.bash
[9.551s] -- Installing: /home/nat/ws_ruka/install/ruka_gz/share/ruka_gz/local_setup.sh
[9.551s] -- Installing: /home/nat/ws_ruka/install/ruka_gz/share/ruka_gz/local_setup.zsh
[9.551s] -- Installing: /home/nat/ws_ruka/install/ruka_gz/share/ruka_gz/local_setup.dsv
[9.551s] -- Installing: /home/nat/ws_ruka/install/ruka_gz/share/ruka_gz/package.dsv
[9.552s] -- Installing: /home/nat/ws_ruka/install/ruka_gz/share/ament_index/resource_index/packages/ruka_gz
[9.552s] -- Installing: /home/nat/ws_ruka/install/ruka_gz/share/ament_index/resource_index/hardware_interface__pluginlib__plugin/ruka_gz
[9.552s] -- Installing: /home/nat/ws_ruka/install/ruka_gz/share/ruka_gz/cmake/export_ruka_gzExport.cmake
[9.553s] -- Installing: /home/nat/ws_ruka/install/ruka_gz/share/ruka_gz/cmake/export_ruka_gzExport-noconfig.cmake
[9.553s] -- Installing: /home/nat/ws_ruka/install/ruka_gz/share/ruka_gz/cmake/ament_cmake_export_targets-extras.cmake
[9.553s] -- Installing: /home/nat/ws_ruka/install/ruka_gz/share/ruka_gz/cmake/ament_cmake_export_dependencies-extras.cmake
[9.553s] -- Installing: /home/nat/ws_ruka/install/ruka_gz/share/ruka_gz/cmake/ruka_gzConfig.cmake
[9.553s] -- Installing: /home/nat/ws_ruka/install/ruka_gz/share/ruka_gz/cmake/ruka_gzConfig-version.cmake
[9.554s] -- Installing: /home/nat/ws_ruka/install/ruka_gz/share/ruka_gz/package.xml
[9.558s] Invoked command in '/home/nat/ws_ruka/build/ruka_gz' returned '0': CMAKE_PREFIX_PATH=${CMAKE_PREFIX_PATH}:/home/nat/ws_explorer/install/ros2_control_demo_testing:/home/nat/roverchallenge-ru/install/simulation:/opt/ros/jazzy DEBUGINFOD_URLS=https://debuginfod.ubuntu.com /usr/bin/cmake --install /home/nat/ws_ruka/build/ruka_gz
