[0.745s] Invoking command in '/home/nat/ws_ruka/src/ruka_gz': DEBUGINFOD_URLS=https://debuginfod.ubuntu.com PYTHONPATH=/home/nat/ws_ruka/build/ruka_gz/prefix_override:/usr/lib/python3/dist-packages/colcon_core/task/python/colcon_distutils_commands:/home/nat/ws_ruka/install/ruka_gz/lib/python3.12/site-packages:${PYTHONPATH} /usr/bin/python3 -W ignore:setup.py install is deprecated setup.py egg_info --egg-base ../../build/ruka_gz build --build-base /home/nat/ws_ruka/build/ruka_gz/build install --record /home/nat/ws_ruka/build/ruka_gz/install.log --single-version-externally-managed install_data
[0.992s] running egg_info
[1.011s] writing ../../build/ruka_gz/ruka_gz.egg-info/PKG-INFO
[1.011s] writing dependency_links to ../../build/ruka_gz/ruka_gz.egg-info/dependency_links.txt
[1.011s] writing entry points to ../../build/ruka_gz/ruka_gz.egg-info/entry_points.txt
[1.011s] writing requirements to ../../build/ruka_gz/ruka_gz.egg-info/requires.txt
[1.011s] writing top-level names to ../../build/ruka_gz/ruka_gz.egg-info/top_level.txt
[1.030s] reading manifest file '../../build/ruka_gz/ruka_gz.egg-info/SOURCES.txt'
[1.030s] writing manifest file '../../build/ruka_gz/ruka_gz.egg-info/SOURCES.txt'
[1.031s] running build
[1.031s] running install
[1.036s] running install_data
[1.037s] copying config/ros_control.yaml -> /home/nat/ws_ruka/install/ruka_gz/share/ruka_gz/config/
[1.037s] running install_egg_info
[1.076s] removing '/home/nat/ws_ruka/install/ruka_gz/lib/python3.12/site-packages/ruka_gz-0.0.1-py3.12.egg-info' (and everything under it)
[1.077s] Copying ../../build/ruka_gz/ruka_gz.egg-info to /home/nat/ws_ruka/install/ruka_gz/lib/python3.12/site-packages/ruka_gz-0.0.1-py3.12.egg-info
[1.077s] running install_scripts
[1.204s] Installing ruka script to /home/nat/ws_ruka/install/ruka_gz/bin
[1.204s] writing list of installed files to '/home/nat/ws_ruka/build/ruka_gz/install.log'
[1.245s] Invoked command in '/home/nat/ws_ruka/src/ruka_gz' returned '0': DEBUGINFOD_URLS=https://debuginfod.ubuntu.com PYTHONPATH=/home/nat/ws_ruka/build/ruka_gz/prefix_override:/usr/lib/python3/dist-packages/colcon_core/task/python/colcon_distutils_commands:/home/nat/ws_ruka/install/ruka_gz/lib/python3.12/site-packages:${PYTHONPATH} /usr/bin/python3 -W ignore:setup.py install is deprecated setup.py egg_info --egg-base ../../build/ruka_gz build --build-base /home/nat/ws_ruka/build/ruka_gz/build install --record /home/nat/ws_ruka/build/ruka_gz/install.log --single-version-externally-managed install_data
