[0.024s] Invoking command in '/home/nat/ws_ruka/build/ruka_gz': CMAKE_PREFIX_PATH=${CMAKE_PREFIX_PATH}:/home/nat/ws_explorer/install/ros2_control_demo_testing:/home/nat/roverchallenge-ru/install/simulation:/opt/ros/jazzy DEBUGINFOD_URLS=https://debuginfod.ubuntu.com /usr/bin/cmake /home/nat/ws_ruka/src/ruka_gz -DCMAKE_INSTALL_PREFIX=/home/nat/ws_ruka/install/ruka_gz
[0.173s] -- The C compiler identification is GNU 13.2.0
[0.303s] -- The CXX compiler identification is GNU 13.2.0
[0.348s] -- Detecting C compiler ABI info
[0.572s] -- Detecting C compiler ABI info - done
[0.590s] -- Check for working C compiler: /usr/bin/cc - skipped
[0.599s] -- Detecting C compile features
[0.600s] -- Detecting C compile features - done
[0.624s] -- Detecting CXX compiler ABI info
[0.870s] -- Detecting CXX compiler ABI info - done
[0.887s] -- Check for working CXX compiler: /usr/bin/c++ - skipped
[0.888s] -- Detecting CXX compile features
[0.889s] -- Detecting CXX compile features - done
[0.903s] -- Found ament_cmake: 2.5.2 (/opt/ros/jazzy/share/ament_cmake/cmake)
[1.262s] -- Found Python3: /usr/bin/python3 (found version "3.12.3") found components: Interpreter 
[1.591s] -- Found moveit_ros_planning_interface: 2.10.0 (/opt/ros/jazzy/share/moveit_ros_planning_interface/cmake)
[1.915s] -- Found Boost: /usr/lib/x86_64-linux-gnu/cmake/Boost-1.83.0/BoostConfig.cmake (found version "1.83.0") found components: date_time filesystem program_options system thread 
[2.089s] -- Found rosidl_generator_c: 4.6.3 (/opt/ros/jazzy/share/rosidl_generator_c/cmake)
[2.138s] -- Found rosidl_generator_cpp: 4.6.3 (/opt/ros/jazzy/share/rosidl_generator_cpp/cmake)
[2.193s] -- Using all available rosidl_typesupport_c: rosidl_typesupport_fastrtps_c;rosidl_typesupport_introspection_c
[2.252s] -- Using all available rosidl_typesupport_cpp: rosidl_typesupport_fastrtps_cpp;rosidl_typesupport_introspection_cpp
[3.043s] -- Found Boost: /usr/lib/x86_64-linux-gnu/cmake/Boost-1.83.0/BoostConfig.cmake (found version "1.83.0") found components: chrono date_time filesystem iostreams program_options regex serialization system thread 
[3.249s] -- Found parameter_traits: 0.3.8 (/opt/ros/jazzy/share/parameter_traits/cmake)
[3.408s] -- Found rmw_implementation_cmake: 7.3.1 (/opt/ros/jazzy/share/rmw_implementation_cmake/cmake)
[3.421s] -- Found rmw_fastrtps_cpp: 8.4.1 (/opt/ros/jazzy/share/rmw_fastrtps_cpp/cmake)
[3.678s] -- Found OpenSSL: /usr/lib/x86_64-linux-gnu/libcrypto.so (found version "3.0.13")  
[3.723s] -- Found FastRTPS: /opt/ros/jazzy/include (Required is at least version "2.13") 
[3.773s] -- Using RMW implementation 'rmw_fastrtps_cpp' as default
[4.003s] -- Found rclcpp_lifecycle: 28.1.3 (/opt/ros/jazzy/share/rclcpp_lifecycle/cmake)
[4.104s] -- Found Boost: /usr/lib/x86_64-linux-gnu/cmake/Boost-1.83.0/BoostConfig.cmake (found version "1.83.0") found components: filesystem 
[4.289s] -- Found Eigen3: TRUE (found version "3.4.0") 
[4.290s] -- Ensuring Eigen3 include directory is part of orocos-kdl CMake target
[4.764s] -- Found Boost: /usr/lib/x86_64-linux-gnu/cmake/Boost-1.83.0/BoostConfig.cmake (found version "1.83.0") found components: system filesystem date_time program_options thread chrono 
[4.892s] -- Found Boost: /usr/lib/x86_64-linux-gnu/cmake/Boost-1.83.0/BoostConfig.cmake (found version "1.83.0") found components: thread system filesystem regex date_time program_options 
[4.966s] -- Found Boost: /usr/lib/x86_64-linux-gnu/cmake/Boost-1.83.0/BoostConfig.cmake (found version "1.83.0") found components: system filesystem date_time program_options thread 
[5.071s] -- Found hardware_interface: 4.15.0 (/opt/ros/jazzy/share/hardware_interface/cmake)
[5.233s] -- Found controller_interface: 4.15.0 (/opt/ros/jazzy/share/controller_interface/cmake)
[5.256s] -- Found ament_cmake_gtest: 2.5.2 (/opt/ros/jazzy/share/ament_cmake_gtest/cmake)
[5.437s] -- Configuring done (5.4s)
[5.505s] -- Generating done (0.0s)
[5.509s] -- Build files have been written to: /home/nat/ws_ruka/build/ruka_gz
[5.540s] Invoked command in '/home/nat/ws_ruka/build/ruka_gz' returned '0': CMAKE_PREFIX_PATH=${CMAKE_PREFIX_PATH}:/home/nat/ws_explorer/install/ros2_control_demo_testing:/home/nat/roverchallenge-ru/install/simulation:/opt/ros/jazzy DEBUGINFOD_URLS=https://debuginfod.ubuntu.com /usr/bin/cmake /home/nat/ws_ruka/src/ruka_gz -DCMAKE_INSTALL_PREFIX=/home/nat/ws_ruka/install/ruka_gz
[5.543s] Invoking command in '/home/nat/ws_ruka/build/ruka_gz': CMAKE_PREFIX_PATH=${CMAKE_PREFIX_PATH}:/home/nat/ws_explorer/install/ros2_control_demo_testing:/home/nat/roverchallenge-ru/install/simulation:/opt/ros/jazzy DEBUGINFOD_URLS=https://debuginfod.ubuntu.com /usr/bin/cmake --build /home/nat/ws_ruka/build/ruka_gz -- -j12 -l12
[5.672s] [ 50%] [32mBuilding CXX object CMakeFiles/ruka_gz.dir/hardware/ruka_hardware.cpp.o[0m
[8.959s] [100%] [32m[1mLinking CXX shared library libruka_gz.so[0m
[10.021s] [100%] Built target ruka_gz
[10.053s] Invoked command in '/home/nat/ws_ruka/build/ruka_gz' returned '0': CMAKE_PREFIX_PATH=${CMAKE_PREFIX_PATH}:/home/nat/ws_explorer/install/ros2_control_demo_testing:/home/nat/roverchallenge-ru/install/simulation:/opt/ros/jazzy DEBUGINFOD_URLS=https://debuginfod.ubuntu.com /usr/bin/cmake --build /home/nat/ws_ruka/build/ruka_gz -- -j12 -l12
[10.144s] Invoking command in '/home/nat/ws_ruka/build/ruka_gz': CMAKE_PREFIX_PATH=${CMAKE_PREFIX_PATH}:/home/nat/ws_explorer/install/ros2_control_demo_testing:/home/nat/roverchallenge-ru/install/simulation:/opt/ros/jazzy DEBUGINFOD_URLS=https://debuginfod.ubuntu.com /usr/bin/cmake --install /home/nat/ws_ruka/build/ruka_gz
[10.164s] -- Install configuration: ""
[10.164s] -- Installing: /home/nat/ws_ruka/install/ruka_gz/share/ruka_gz/ruka_gz.xml
[10.165s] -- Installing: /home/nat/ws_ruka/install/ruka_gz/share/ruka_gz/launch
[10.165s] -- Installing: /home/nat/ws_ruka/install/ruka_gz/share/ruka_gz/launch/rsp.launch.py
[10.165s] -- Installing: /home/nat/ws_ruka/install/ruka_gz/share/ruka_gz/launch/gazebo.launch.py
[10.165s] -- Installing: /home/nat/ws_ruka/install/ruka_gz/share/ruka_gz/launch/launch_sim.launch.py
[10.166s] -- Installing: /home/nat/ws_ruka/install/ruka_gz/share/ruka_gz/config
[10.166s] -- Installing: /home/nat/ws_ruka/install/ruka_gz/share/ruka_gz/config/gazebo_params.yaml
[10.166s] -- Installing: /home/nat/ws_ruka/install/ruka_gz/share/ruka_gz/config/ros2_controllers.yaml
[10.166s] -- Installing: /home/nat/ws_ruka/install/ruka_gz/share/ruka_gz/config/ruka_gz.urdf.xacro
[10.166s] -- Installing: /home/nat/ws_ruka/install/ruka_gz/share/ruka_gz/config/ruka_gz.urdf
[10.167s] -- Installing: /home/nat/ws_ruka/install/ruka_gz/share/ruka_gz/config/ruka_gz.ros2_control.xacro
[10.167s] -- Installing: /home/nat/ws_ruka/install/ruka_gz/share/ruka_gz/config/initial_positions.yaml
[10.167s] -- Installing: /home/nat/ws_ruka/install/ruka_gz/include/ruka_gz
[10.167s] -- Installing: /home/nat/ws_ruka/install/ruka_gz/include/ruka_gz/visibility_control.h
[10.167s] -- Installing: /home/nat/ws_ruka/install/ruka_gz/include/ruka_gz/ruka_hardware.hpp
[10.168s] -- Installing: /home/nat/ws_ruka/install/ruka_gz/lib/libruka_gz.so
[10.169s] -- Set non-toolchain portion of runtime path of "/home/nat/ws_ruka/install/ruka_gz/lib/libruka_gz.so" to ""
[10.170s] -- Installing: /home/nat/ws_ruka/install/ruka_gz/share/ruka_gz/environment/library_path.sh
[10.170s] -- Installing: /home/nat/ws_ruka/install/ruka_gz/share/ruka_gz/environment/library_path.dsv
[10.170s] -- Installing: /home/nat/ws_ruka/install/ruka_gz/share/ament_index/resource_index/package_run_dependencies/ruka_gz
[10.171s] -- Installing: /home/nat/ws_ruka/install/ruka_gz/share/ament_index/resource_index/parent_prefix_path/ruka_gz
[10.171s] -- Installing: /home/nat/ws_ruka/install/ruka_gz/share/ruka_gz/environment/ament_prefix_path.sh
[10.171s] -- Installing: /home/nat/ws_ruka/install/ruka_gz/share/ruka_gz/environment/ament_prefix_path.dsv
[10.172s] -- Installing: /home/nat/ws_ruka/install/ruka_gz/share/ruka_gz/environment/path.sh
[10.172s] -- Installing: /home/nat/ws_ruka/install/ruka_gz/share/ruka_gz/environment/path.dsv
[10.172s] -- Installing: /home/nat/ws_ruka/install/ruka_gz/share/ruka_gz/local_setup.bash
[10.172s] -- Installing: /home/nat/ws_ruka/install/ruka_gz/share/ruka_gz/local_setup.sh
[10.173s] -- Installing: /home/nat/ws_ruka/install/ruka_gz/share/ruka_gz/local_setup.zsh
[10.173s] -- Installing: /home/nat/ws_ruka/install/ruka_gz/share/ruka_gz/local_setup.dsv
[10.173s] -- Installing: /home/nat/ws_ruka/install/ruka_gz/share/ruka_gz/package.dsv
[10.173s] -- Installing: /home/nat/ws_ruka/install/ruka_gz/share/ament_index/resource_index/packages/ruka_gz
[10.174s] -- Installing: /home/nat/ws_ruka/install/ruka_gz/share/ament_index/resource_index/hardware_interface__pluginlib__plugin/ruka_gz
[10.174s] -- Installing: /home/nat/ws_ruka/install/ruka_gz/share/ruka_gz/cmake/export_ruka_gzExport.cmake
[10.175s] -- Installing: /home/nat/ws_ruka/install/ruka_gz/share/ruka_gz/cmake/export_ruka_gzExport-noconfig.cmake
[10.175s] -- Installing: /home/nat/ws_ruka/install/ruka_gz/share/ruka_gz/cmake/ament_cmake_export_targets-extras.cmake
[10.175s] -- Installing: /home/nat/ws_ruka/install/ruka_gz/share/ruka_gz/cmake/ament_cmake_export_dependencies-extras.cmake
[10.175s] -- Installing: /home/nat/ws_ruka/install/ruka_gz/share/ruka_gz/cmake/ruka_gzConfig.cmake
[10.176s] -- Installing: /home/nat/ws_ruka/install/ruka_gz/share/ruka_gz/cmake/ruka_gzConfig-version.cmake
[10.176s] -- Installing: /home/nat/ws_ruka/install/ruka_gz/share/ruka_gz/package.xml
[10.181s] Invoked command in '/home/nat/ws_ruka/build/ruka_gz' returned '0': CMAKE_PREFIX_PATH=${CMAKE_PREFIX_PATH}:/home/nat/ws_explorer/install/ros2_control_demo_testing:/home/nat/roverchallenge-ru/install/simulation:/opt/ros/jazzy DEBUGINFOD_URLS=https://debuginfod.ubuntu.com /usr/bin/cmake --install /home/nat/ws_ruka/build/ruka_gz
