[0.801s] Invoking command in '/home/nat/ws_ruka/src/ruka_gz': DEBUGINFOD_URLS=https://debuginfod.ubuntu.com PYTHONPATH=/home/nat/ws_ruka/build/ruka_gz/prefix_override:/usr/lib/python3/dist-packages/colcon_core/task/python/colcon_distutils_commands:/home/nat/ws_ruka/install/ruka_gz/lib/python3.12/site-packages:${PYTHONPATH} /usr/bin/python3 -W ignore:setup.py install is deprecated setup.py egg_info --egg-base ../../build/ruka_gz build --build-base /home/nat/ws_ruka/build/ruka_gz/build install --record /home/nat/ws_ruka/build/ruka_gz/install.log --single-version-externally-managed install_data
[1.053s] running egg_info
[1.072s] writing ../../build/ruka_gz/ruka_gz.egg-info/PKG-INFO
[1.072s] writing dependency_links to ../../build/ruka_gz/ruka_gz.egg-info/dependency_links.txt
[1.073s] writing entry points to ../../build/ruka_gz/ruka_gz.egg-info/entry_points.txt
[1.073s] writing requirements to ../../build/ruka_gz/ruka_gz.egg-info/requires.txt
[1.073s] writing top-level names to ../../build/ruka_gz/ruka_gz.egg-info/top_level.txt
[1.092s] reading manifest file '../../build/ruka_gz/ruka_gz.egg-info/SOURCES.txt'
[1.093s] writing manifest file '../../build/ruka_gz/ruka_gz.egg-info/SOURCES.txt'
[1.093s] running build
[1.094s] running install
[1.099s] running install_data
[1.099s] copying config/ros_control.yaml -> /home/nat/ws_ruka/install/ruka_gz/share/ruka_gz/config/
[1.100s] running install_egg_info
[1.139s] removing '/home/nat/ws_ruka/install/ruka_gz/lib/python3.12/site-packages/ruka_gz-0.0.1-py3.12.egg-info' (and everything under it)
[1.139s] Copying ../../build/ruka_gz/ruka_gz.egg-info to /home/nat/ws_ruka/install/ruka_gz/lib/python3.12/site-packages/ruka_gz-0.0.1-py3.12.egg-info
[1.140s] running install_scripts
[1.268s] Installing ruka script to /home/nat/ws_ruka/install/ruka_gz/bin
[1.268s] writing list of installed files to '/home/nat/ws_ruka/build/ruka_gz/install.log'
[1.305s] Invoked command in '/home/nat/ws_ruka/src/ruka_gz' returned '0': DEBUGINFOD_URLS=https://debuginfod.ubuntu.com PYTHONPATH=/home/nat/ws_ruka/build/ruka_gz/prefix_override:/usr/lib/python3/dist-packages/colcon_core/task/python/colcon_distutils_commands:/home/nat/ws_ruka/install/ruka_gz/lib/python3.12/site-packages:${PYTHONPATH} /usr/bin/python3 -W ignore:setup.py install is deprecated setup.py egg_info --egg-base ../../build/ruka_gz build --build-base /home/nat/ws_ruka/build/ruka_gz/build install --record /home/nat/ws_ruka/build/ruka_gz/install.log --single-version-externally-managed install_data
