-- Install configuration: ""
-- Up-to-date: /home/nat/ws_ruka/install/ruka_gz/share/ruka_gz/launch
-- Up-to-date: /home/nat/ws_ruka/install/ruka_gz/share/ruka_gz/launch/gazebo.launch.py
-- Up-to-date: /home/nat/ws_ruka/install/ruka_gz/share/ruka_gz/config
-- Up-to-date: /home/nat/ws_ruka/install/ruka_gz/share/ruka_gz/config/ros2_controllers.yaml
-- Installing: /home/nat/ws_ruka/install/ruka_gz/share/ruka_gz/config/ruka_gz.urdf.xacro
-- Up-to-date: /home/nat/ws_ruka/install/ruka_gz/share/ruka_gz/config/ruka_gz.urdf
-- Up-to-date: /home/nat/ws_ruka/install/ruka_gz/share/ruka_gz/config/ruka_gz.ros2_control.xacro
-- Up-to-date: /home/nat/ws_ruka/install/ruka_gz/share/ruka_gz/config/params.yaml
-- Up-to-date: /home/nat/ws_ruka/install/ruka_gz/share/ruka_gz/config/initial_positions.yaml
-- Up-to-date: /home/nat/ws_ruka/install/ruka_gz/share/ament_index/resource_index/package_run_dependencies/ruka_gz
-- Up-to-date: /home/nat/ws_ruka/install/ruka_gz/share/ament_index/resource_index/parent_prefix_path/ruka_gz
-- Up-to-date: /home/nat/ws_ruka/install/ruka_gz/share/ruka_gz/environment/ament_prefix_path.sh
-- Up-to-date: /home/nat/ws_ruka/install/ruka_gz/share/ruka_gz/environment/ament_prefix_path.dsv
-- Up-to-date: /home/nat/ws_ruka/install/ruka_gz/share/ruka_gz/environment/path.sh
-- Up-to-date: /home/nat/ws_ruka/install/ruka_gz/share/ruka_gz/environment/path.dsv
-- Up-to-date: /home/nat/ws_ruka/install/ruka_gz/share/ruka_gz/local_setup.bash
-- Up-to-date: /home/nat/ws_ruka/install/ruka_gz/share/ruka_gz/local_setup.sh
-- Up-to-date: /home/nat/ws_ruka/install/ruka_gz/share/ruka_gz/local_setup.zsh
-- Up-to-date: /home/nat/ws_ruka/install/ruka_gz/share/ruka_gz/local_setup.dsv
-- Installing: /home/nat/ws_ruka/install/ruka_gz/share/ruka_gz/package.dsv
-- Up-to-date: /home/nat/ws_ruka/install/ruka_gz/share/ament_index/resource_index/packages/ruka_gz
-- Up-to-date: /home/nat/ws_ruka/install/ruka_gz/share/ruka_gz/cmake/ament_cmake_export_dependencies-extras.cmake
-- Up-to-date: /home/nat/ws_ruka/install/ruka_gz/share/ruka_gz/cmake/ruka_gzConfig.cmake
-- Up-to-date: /home/nat/ws_ruka/install/ruka_gz/share/ruka_gz/cmake/ruka_gzConfig-version.cmake
-- Up-to-date: /home/nat/ws_ruka/install/ruka_gz/share/ruka_gz/package.xml
