[0.026s] Invoking command in '/home/nat/ws_ruka/build/ruka_gz': CMAKE_PREFIX_PATH=${CMAKE_PREFIX_PATH}:/home/nat/ws_explorer/install/ros2_control_demo_testing:/home/nat/roverchallenge-ru/install/simulation:/opt/ros/jazzy DEBUGINFOD_URLS=https://debuginfod.ubuntu.com /usr/bin/cmake --build /home/nat/ws_ruka/build/ruka_gz -- -j12 -l12
[0.101s] -- Found ament_cmake: 2.5.2 (/opt/ros/jazzy/share/ament_cmake/cmake)
[0.564s] -- Found moveit_ros_planning_interface: 2.10.0 (/opt/ros/jazzy/share/moveit_ros_planning_interface/cmake)
[0.597s] -- Found Boost: /usr/lib/x86_64-linux-gnu/cmake/Boost-1.83.0/BoostConfig.cmake (found version "1.83.0") found components: date_time filesystem program_options system thread 
[0.680s] -- Found rosidl_generator_c: 4.6.3 (/opt/ros/jazzy/share/rosidl_generator_c/cmake)
[0.704s] -- Found rosidl_generator_cpp: 4.6.3 (/opt/ros/jazzy/share/rosidl_generator_cpp/cmake)
[0.735s] -- Using all available rosidl_typesupport_c: rosidl_typesupport_fastrtps_c;rosidl_typesupport_introspection_c
[0.767s] -- Using all available rosidl_typesupport_cpp: rosidl_typesupport_fastrtps_cpp;rosidl_typesupport_introspection_cpp
[1.412s] -- Found Boost: /usr/lib/x86_64-linux-gnu/cmake/Boost-1.83.0/BoostConfig.cmake (found version "1.83.0") found components: chrono date_time filesystem iostreams program_options regex serialization system thread 
[1.488s] -- Found parameter_traits: 0.3.8 (/opt/ros/jazzy/share/parameter_traits/cmake)
[1.584s] -- Found rmw_implementation_cmake: 7.3.1 (/opt/ros/jazzy/share/rmw_implementation_cmake/cmake)
[1.589s] -- Found rmw_fastrtps_cpp: 8.4.1 (/opt/ros/jazzy/share/rmw_fastrtps_cpp/cmake)
[1.740s] -- Using RMW implementation 'rmw_fastrtps_cpp' as default
[1.906s] -- Found rclcpp_lifecycle: 28.1.3 (/opt/ros/jazzy/share/rclcpp_lifecycle/cmake)
[1.983s] -- Found Boost: /usr/lib/x86_64-linux-gnu/cmake/Boost-1.83.0/BoostConfig.cmake (found version "1.83.0") found components: filesystem 
[2.085s] -- Ensuring Eigen3 include directory is part of orocos-kdl CMake target
[2.383s] -- Found Boost: /usr/lib/x86_64-linux-gnu/cmake/Boost-1.83.0/BoostConfig.cmake (found version "1.83.0") found components: system filesystem date_time program_options thread chrono 
[2.491s] -- Found Boost: /usr/lib/x86_64-linux-gnu/cmake/Boost-1.83.0/BoostConfig.cmake (found version "1.83.0") found components: thread system filesystem regex date_time program_options 
[2.545s] -- Found Boost: /usr/lib/x86_64-linux-gnu/cmake/Boost-1.83.0/BoostConfig.cmake (found version "1.83.0") found components: system filesystem date_time program_options thread 
[2.628s] -- Found hardware_interface: 4.15.0 (/opt/ros/jazzy/share/hardware_interface/cmake)
[2.755s] -- Found controller_interface: 4.15.0 (/opt/ros/jazzy/share/controller_interface/cmake)
[2.768s] -- Found ament_cmake_gtest: 2.5.2 (/opt/ros/jazzy/share/ament_cmake_gtest/cmake)
[2.946s] -- Configuring done (2.9s)
[3.021s] -- Generating done (0.0s)
[3.025s] -- Build files have been written to: /home/nat/ws_ruka/build/ruka_gz
[3.128s] [ 50%] [32mBuilding CXX object CMakeFiles/ruka_gz.dir/hardware/ruka_hardware.cpp.o[0m
[6.431s] [100%] [32m[1mLinking CXX shared library libruka_gz.so[0m
[7.569s] [100%] Built target ruka_gz
[7.599s] Invoked command in '/home/nat/ws_ruka/build/ruka_gz' returned '0': CMAKE_PREFIX_PATH=${CMAKE_PREFIX_PATH}:/home/nat/ws_explorer/install/ros2_control_demo_testing:/home/nat/roverchallenge-ru/install/simulation:/opt/ros/jazzy DEBUGINFOD_URLS=https://debuginfod.ubuntu.com /usr/bin/cmake --build /home/nat/ws_ruka/build/ruka_gz -- -j12 -l12
[7.688s] Invoking command in '/home/nat/ws_ruka/build/ruka_gz': CMAKE_PREFIX_PATH=${CMAKE_PREFIX_PATH}:/home/nat/ws_explorer/install/ros2_control_demo_testing:/home/nat/roverchallenge-ru/install/simulation:/opt/ros/jazzy DEBUGINFOD_URLS=https://debuginfod.ubuntu.com /usr/bin/cmake --install /home/nat/ws_ruka/build/ruka_gz
[7.708s] -- Install configuration: ""
[7.708s] -- Installing: /home/nat/ws_ruka/install/ruka_gz/share/ruka_gz/ruka_gz.xml
[7.708s] -- Up-to-date: /home/nat/ws_ruka/install/ruka_gz/share/ruka_gz/launch
[7.709s] -- Installing: /home/nat/ws_ruka/install/ruka_gz/share/ruka_gz/launch/rsp.launch.py
[7.709s] -- Installing: /home/nat/ws_ruka/install/ruka_gz/share/ruka_gz/launch/gazebo.launch.py
[7.709s] -- Installing: /home/nat/ws_ruka/install/ruka_gz/share/ruka_gz/launch/launch_sim.launch.py
[7.710s] -- Up-to-date: /home/nat/ws_ruka/install/ruka_gz/share/ruka_gz/config
[7.710s] -- Installing: /home/nat/ws_ruka/install/ruka_gz/share/ruka_gz/config/shok_controllers.yaml
[7.710s] -- Installing: /home/nat/ws_ruka/install/ruka_gz/share/ruka_gz/config/ruka_gz.urdf.xacro
[7.710s] -- Installing: /home/nat/ws_ruka/install/ruka_gz/share/ruka_gz/config/ruka_gz.urdf
[7.710s] -- Installing: /home/nat/ws_ruka/install/ruka_gz/share/ruka_gz/config/ruka_gz.ros2_control.xacro
[7.711s] -- Installing: /home/nat/ws_ruka/install/ruka_gz/share/ruka_gz/config/initial_positions.yaml
[7.711s] -- Up-to-date: /home/nat/ws_ruka/install/ruka_gz/include/ruka_gz
[7.711s] -- Installing: /home/nat/ws_ruka/install/ruka_gz/include/ruka_gz/visibility_control.h
[7.711s] -- Installing: /home/nat/ws_ruka/install/ruka_gz/include/ruka_gz/ruka_hardware.hpp
[7.712s] -- Installing: /home/nat/ws_ruka/install/ruka_gz/lib/libruka_gz.so
[7.714s] -- Set non-toolchain portion of runtime path of "/home/nat/ws_ruka/install/ruka_gz/lib/libruka_gz.so" to ""
[7.715s] -- Up-to-date: /home/nat/ws_ruka/install/ruka_gz/share/ruka_gz/environment/library_path.sh
[7.715s] -- Up-to-date: /home/nat/ws_ruka/install/ruka_gz/share/ruka_gz/environment/library_path.dsv
[7.715s] -- Up-to-date: /home/nat/ws_ruka/install/ruka_gz/share/ament_index/resource_index/package_run_dependencies/ruka_gz
[7.715s] -- Up-to-date: /home/nat/ws_ruka/install/ruka_gz/share/ament_index/resource_index/parent_prefix_path/ruka_gz
[7.715s] -- Up-to-date: /home/nat/ws_ruka/install/ruka_gz/share/ruka_gz/environment/ament_prefix_path.sh
[7.716s] -- Up-to-date: /home/nat/ws_ruka/install/ruka_gz/share/ruka_gz/environment/ament_prefix_path.dsv
[7.716s] -- Up-to-date: /home/nat/ws_ruka/install/ruka_gz/share/ruka_gz/environment/path.sh
[7.716s] -- Up-to-date: /home/nat/ws_ruka/install/ruka_gz/share/ruka_gz/environment/path.dsv
[7.716s] -- Up-to-date: /home/nat/ws_ruka/install/ruka_gz/share/ruka_gz/local_setup.bash
[7.716s] -- Up-to-date: /home/nat/ws_ruka/install/ruka_gz/share/ruka_gz/local_setup.sh
[7.716s] -- Up-to-date: /home/nat/ws_ruka/install/ruka_gz/share/ruka_gz/local_setup.zsh
[7.716s] -- Up-to-date: /home/nat/ws_ruka/install/ruka_gz/share/ruka_gz/local_setup.dsv
[7.717s] -- Installing: /home/nat/ws_ruka/install/ruka_gz/share/ruka_gz/package.dsv
[7.717s] -- Up-to-date: /home/nat/ws_ruka/install/ruka_gz/share/ament_index/resource_index/packages/ruka_gz
[7.717s] -- Up-to-date: /home/nat/ws_ruka/install/ruka_gz/share/ament_index/resource_index/hardware_interface__pluginlib__plugin/ruka_gz
[7.717s] -- Up-to-date: /home/nat/ws_ruka/install/ruka_gz/share/ruka_gz/cmake/export_ruka_gzExport.cmake
[7.717s] -- Up-to-date: /home/nat/ws_ruka/install/ruka_gz/share/ruka_gz/cmake/export_ruka_gzExport-noconfig.cmake
[7.717s] -- Up-to-date: /home/nat/ws_ruka/install/ruka_gz/share/ruka_gz/cmake/ament_cmake_export_targets-extras.cmake
[7.718s] -- Up-to-date: /home/nat/ws_ruka/install/ruka_gz/share/ruka_gz/cmake/ament_cmake_export_dependencies-extras.cmake
[7.718s] -- Up-to-date: /home/nat/ws_ruka/install/ruka_gz/share/ruka_gz/cmake/ruka_gzConfig.cmake
[7.718s] -- Up-to-date: /home/nat/ws_ruka/install/ruka_gz/share/ruka_gz/cmake/ruka_gzConfig-version.cmake
[7.718s] -- Installing: /home/nat/ws_ruka/install/ruka_gz/share/ruka_gz/package.xml
[7.721s] Invoked command in '/home/nat/ws_ruka/build/ruka_gz' returned '0': CMAKE_PREFIX_PATH=${CMAKE_PREFIX_PATH}:/home/nat/ws_explorer/install/ros2_control_demo_testing:/home/nat/roverchallenge-ru/install/simulation:/opt/ros/jazzy DEBUGINFOD_URLS=https://debuginfod.ubuntu.com /usr/bin/cmake --install /home/nat/ws_ruka/build/ruka_gz
