[1.506s] Invoking command in '/home/nat/ws_ruka/src/ruka_gz': DEBUGINFOD_URLS=https://debuginfod.ubuntu.com PYTHONPATH=/home/nat/ws_ruka/build/ruka_gz/prefix_override:/usr/lib/python3/dist-packages/colcon_core/task/python/colcon_distutils_commands:/home/nat/ws_ruka/install/ruka_gz/lib/python3.12/site-packages:${PYTHONPATH} /usr/bin/python3 -W ignore:setup.py install is deprecated setup.py egg_info --egg-base ../../build/ruka_gz build --build-base /home/nat/ws_ruka/build/ruka_gz/build install --record /home/nat/ws_ruka/build/ruka_gz/install.log --single-version-externally-managed install_data
[1.986s] running egg_info
[2.021s] writing ../../build/ruka_gz/ruka_gz.egg-info/PKG-INFO
[2.021s] writing dependency_links to ../../build/ruka_gz/ruka_gz.egg-info/dependency_links.txt
[2.021s] writing entry points to ../../build/ruka_gz/ruka_gz.egg-info/entry_points.txt
[2.022s] writing requirements to ../../build/ruka_gz/ruka_gz.egg-info/requires.txt
[2.022s] writing top-level names to ../../build/ruka_gz/ruka_gz.egg-info/top_level.txt
[2.057s] reading manifest file '../../build/ruka_gz/ruka_gz.egg-info/SOURCES.txt'
[2.059s] writing manifest file '../../build/ruka_gz/ruka_gz.egg-info/SOURCES.txt'
[2.059s] running build
[2.059s] running install
[2.070s] running install_data
[2.070s] copying config/ruka_gz.urdf -> /home/nat/ws_ruka/install/ruka_gz/share/ruka_gz/config/
[2.071s] running install_egg_info
[2.144s] removing '/home/nat/ws_ruka/install/ruka_gz/lib/python3.12/site-packages/ruka_gz-0.0.1-py3.12.egg-info' (and everything under it)
[2.144s] Copying ../../build/ruka_gz/ruka_gz.egg-info to /home/nat/ws_ruka/install/ruka_gz/lib/python3.12/site-packages/ruka_gz-0.0.1-py3.12.egg-info
[2.146s] running install_scripts
[2.378s] Installing ruka script to /home/nat/ws_ruka/install/ruka_gz/bin
[2.379s] writing list of installed files to '/home/nat/ws_ruka/build/ruka_gz/install.log'
[2.430s] Invoked command in '/home/nat/ws_ruka/src/ruka_gz' returned '0': DEBUGINFOD_URLS=https://debuginfod.ubuntu.com PYTHONPATH=/home/nat/ws_ruka/build/ruka_gz/prefix_override:/usr/lib/python3/dist-packages/colcon_core/task/python/colcon_distutils_commands:/home/nat/ws_ruka/install/ruka_gz/lib/python3.12/site-packages:${PYTHONPATH} /usr/bin/python3 -W ignore:setup.py install is deprecated setup.py egg_info --egg-base ../../build/ruka_gz build --build-base /home/nat/ws_ruka/build/ruka_gz/build install --record /home/nat/ws_ruka/build/ruka_gz/install.log --single-version-externally-managed install_data
