-- Found ament_cmake: 2.5.2 (/opt/ros/jazzy/share/ament_cmake/cmake)
-- Found rclcpp: 28.1.3 (/opt/ros/jazzy/share/rclcpp/cmake)
-- Found rosidl_generator_c: 4.6.3 (/opt/ros/jazzy/share/rosidl_generator_c/cmake)
-- Found rosidl_generator_cpp: 4.6.3 (/opt/ros/jazzy/share/rosidl_generator_cpp/cmake)
-- Using all available rosidl_typesupport_c: rosidl_typesupport_fastrtps_c;rosidl_typesupport_introspection_c
-- Using all available rosidl_typesupport_cpp: rosidl_typesupport_fastrtps_cpp;rosidl_typesupport_introspection_cpp
-- Found rmw_implementation_cmake: 7.3.1 (/opt/ros/jazzy/share/rmw_implementation_cmake/cmake)
-- Found rmw_fastrtps_cpp: 8.4.1 (/opt/ros/jazzy/share/rmw_fastrtps_cpp/cmake)
-- Using RMW implementation 'rmw_fastrtps_cpp' as default
-- Found hardware_interface: 4.15.0 (/opt/ros/jazzy/share/hardware_interface/cmake)
-- Found controller_interface: 4.15.0 (/opt/ros/jazzy/share/controller_interface/cmake)
-- Found ament_cmake_gtest: 2.5.2 (/opt/ros/jazzy/share/ament_cmake_gtest/cmake)
-- Configuring done (1.0s)
-- Generating done (0.0s)
-- Build files have been written to: /home/nat/ws_ruka/build/ruka_gz
[ 50%] [32mBuilding CXX object CMakeFiles/ruka_gz.dir/hardware/ruka_hardware.cpp.o[0m
[100%] [32m[1mLinking CXX shared library libruka_gz.so[0m
[100%] Built target ruka_gz
-- Install configuration: ""
-- Up-to-date: /home/nat/ws_ruka/install/ruka_gz/share/ruka_gz/launch
-- Installing: /home/nat/ws_ruka/install/ruka_gz/share/ruka_gz/launch/gazebo.launch.py
-- Up-to-date: /home/nat/ws_ruka/install/ruka_gz/share/ruka_gz/config
-- Installing: /home/nat/ws_ruka/install/ruka_gz/share/ruka_gz/config/shok_controllers.yaml
-- Installing: /home/nat/ws_ruka/install/ruka_gz/share/ruka_gz/config/ruka_gz.urdf.xacro
-- Installing: /home/nat/ws_ruka/install/ruka_gz/share/ruka_gz/config/ruka_gz.urdf
-- Installing: /home/nat/ws_ruka/install/ruka_gz/share/ruka_gz/config/ruka_gz.ros2_control.xacro
-- Installing: /home/nat/ws_ruka/install/ruka_gz/share/ruka_gz/config/initial_positions.yaml
-- Up-to-date: /home/nat/ws_ruka/install/ruka_gz/include/ruka_gz
-- Installing: /home/nat/ws_ruka/install/ruka_gz/include/ruka_gz/visibility_control.h
-- Installing: /home/nat/ws_ruka/install/ruka_gz/include/ruka_gz/ruka_hardware.hpp
-- Installing: /home/nat/ws_ruka/install/ruka_gz/lib/libruka_gz.so
-- Set non-toolchain portion of runtime path of "/home/nat/ws_ruka/install/ruka_gz/lib/libruka_gz.so" to ""
-- Up-to-date: /home/nat/ws_ruka/install/ruka_gz/share/ruka_gz/environment/library_path.sh
-- Up-to-date: /home/nat/ws_ruka/install/ruka_gz/share/ruka_gz/environment/library_path.dsv
-- Up-to-date: /home/nat/ws_ruka/install/ruka_gz/share/ament_index/resource_index/package_run_dependencies/ruka_gz
-- Up-to-date: /home/nat/ws_ruka/install/ruka_gz/share/ament_index/resource_index/parent_prefix_path/ruka_gz
-- Up-to-date: /home/nat/ws_ruka/install/ruka_gz/share/ruka_gz/environment/ament_prefix_path.sh
-- Up-to-date: /home/nat/ws_ruka/install/ruka_gz/share/ruka_gz/environment/ament_prefix_path.dsv
-- Up-to-date: /home/nat/ws_ruka/install/ruka_gz/share/ruka_gz/environment/path.sh
-- Up-to-date: /home/nat/ws_ruka/install/ruka_gz/share/ruka_gz/environment/path.dsv
-- Up-to-date: /home/nat/ws_ruka/install/ruka_gz/share/ruka_gz/local_setup.bash
-- Up-to-date: /home/nat/ws_ruka/install/ruka_gz/share/ruka_gz/local_setup.sh
-- Up-to-date: /home/nat/ws_ruka/install/ruka_gz/share/ruka_gz/local_setup.zsh
-- Up-to-date: /home/nat/ws_ruka/install/ruka_gz/share/ruka_gz/local_setup.dsv
-- Installing: /home/nat/ws_ruka/install/ruka_gz/share/ruka_gz/package.dsv
-- Up-to-date: /home/nat/ws_ruka/install/ruka_gz/share/ament_index/resource_index/packages/ruka_gz
-- Old export file "/home/nat/ws_ruka/install/ruka_gz/share/ruka_gz/cmake/export_ruka_gzExport.cmake" will be replaced.  Removing files [/home/nat/ws_ruka/install/ruka_gz/share/ruka_gz/cmake/export_ruka_gzExport-noconfig.cmake].
-- Installing: /home/nat/ws_ruka/install/ruka_gz/share/ruka_gz/cmake/export_ruka_gzExport.cmake
-- Installing: /home/nat/ws_ruka/install/ruka_gz/share/ruka_gz/cmake/export_ruka_gzExport-noconfig.cmake
-- Up-to-date: /home/nat/ws_ruka/install/ruka_gz/share/ruka_gz/cmake/ament_cmake_export_targets-extras.cmake
-- Installing: /home/nat/ws_ruka/install/ruka_gz/share/ruka_gz/cmake/ament_cmake_export_dependencies-extras.cmake
-- Up-to-date: /home/nat/ws_ruka/install/ruka_gz/share/ruka_gz/cmake/ruka_gzConfig.cmake
-- Up-to-date: /home/nat/ws_ruka/install/ruka_gz/share/ruka_gz/cmake/ruka_gzConfig-version.cmake
-- Installing: /home/nat/ws_ruka/install/ruka_gz/share/ruka_gz/package.xml
