[0.016s] Invoking command in '/home/nat/ws_ruka/build/ruka_gz': CMAKE_PREFIX_PATH=${CMAKE_PREFIX_PATH}:/home/nat/ws_ruka/install/ruka_gz:/home/nat/ws_explorer/install/ros2_control_demo_testing:/home/nat/roverchallenge-ru/install/simulation:/opt/ros/jazzy DEBUGINFOD_URLS=https://debuginfod.ubuntu.com /usr/bin/cmake --build /home/nat/ws_ruka/build/ruka_gz -- -j12 -l12
[0.051s] -- Found ament_cmake: 2.5.2 (/opt/ros/jazzy/share/ament_cmake/cmake)
[0.273s] -- Found moveit_ros_planning_interface: 2.10.0 (/opt/ros/jazzy/share/moveit_ros_planning_interface/cmake)
[0.284s] -- Found Boost: /usr/lib/x86_64-linux-gnu/cmake/Boost-1.83.0/BoostConfig.cmake (found version "1.83.0") found components: date_time filesystem program_options system thread 
[0.313s] -- Found rosidl_generator_c: 4.6.3 (/opt/ros/jazzy/share/rosidl_generator_c/cmake)
[0.322s] -- Found rosidl_generator_cpp: 4.6.3 (/opt/ros/jazzy/share/rosidl_generator_cpp/cmake)
[0.333s] -- Using all available rosidl_typesupport_c: rosidl_typesupport_fastrtps_c;rosidl_typesupport_introspection_c
[0.346s] -- Using all available rosidl_typesupport_cpp: rosidl_typesupport_fastrtps_cpp;rosidl_typesupport_introspection_cpp
[0.632s] -- Found Boost: /usr/lib/x86_64-linux-gnu/cmake/Boost-1.83.0/BoostConfig.cmake (found version "1.83.0") found components: chrono date_time filesystem iostreams program_options regex serialization system thread 
[0.664s] -- Found parameter_traits: 0.3.8 (/opt/ros/jazzy/share/parameter_traits/cmake)
[0.700s] -- Found rmw_implementation_cmake: 7.3.1 (/opt/ros/jazzy/share/rmw_implementation_cmake/cmake)
[0.702s] -- Found rmw_fastrtps_cpp: 8.4.1 (/opt/ros/jazzy/share/rmw_fastrtps_cpp/cmake)
[0.773s] -- Using RMW implementation 'rmw_fastrtps_cpp' as default
[0.841s] -- Found rclcpp_lifecycle: 28.1.3 (/opt/ros/jazzy/share/rclcpp_lifecycle/cmake)
[0.873s] -- Found Boost: /usr/lib/x86_64-linux-gnu/cmake/Boost-1.83.0/BoostConfig.cmake (found version "1.83.0") found components: filesystem 
[0.918s] -- Ensuring Eigen3 include directory is part of orocos-kdl CMake target
[1.043s] -- Found Boost: /usr/lib/x86_64-linux-gnu/cmake/Boost-1.83.0/BoostConfig.cmake (found version "1.83.0") found components: system filesystem date_time program_options thread chrono 
[1.096s] -- Found Boost: /usr/lib/x86_64-linux-gnu/cmake/Boost-1.83.0/BoostConfig.cmake (found version "1.83.0") found components: thread system filesystem regex date_time program_options 
[1.122s] -- Found Boost: /usr/lib/x86_64-linux-gnu/cmake/Boost-1.83.0/BoostConfig.cmake (found version "1.83.0") found components: system filesystem date_time program_options thread 
[1.161s] -- Found hardware_interface: 4.15.0 (/opt/ros/jazzy/share/hardware_interface/cmake)
[1.221s] -- Found controller_interface: 4.15.0 (/opt/ros/jazzy/share/controller_interface/cmake)
[1.227s] -- Found ament_cmake_gtest: 2.5.2 (/opt/ros/jazzy/share/ament_cmake_gtest/cmake)
[1.325s] -- Configuring done (1.3s)
[1.360s] -- Generating done (0.0s)
[1.363s] -- Build files have been written to: /home/nat/ws_ruka/build/ruka_gz
[1.424s] [100%] Built target ruka_gz
[1.439s] Invoked command in '/home/nat/ws_ruka/build/ruka_gz' returned '0': CMAKE_PREFIX_PATH=${CMAKE_PREFIX_PATH}:/home/nat/ws_ruka/install/ruka_gz:/home/nat/ws_explorer/install/ros2_control_demo_testing:/home/nat/roverchallenge-ru/install/simulation:/opt/ros/jazzy DEBUGINFOD_URLS=https://debuginfod.ubuntu.com /usr/bin/cmake --build /home/nat/ws_ruka/build/ruka_gz -- -j12 -l12
[1.490s] Invoking command in '/home/nat/ws_ruka/build/ruka_gz': CMAKE_PREFIX_PATH=${CMAKE_PREFIX_PATH}:/home/nat/ws_ruka/install/ruka_gz:/home/nat/ws_explorer/install/ros2_control_demo_testing:/home/nat/roverchallenge-ru/install/simulation:/opt/ros/jazzy DEBUGINFOD_URLS=https://debuginfod.ubuntu.com /usr/bin/cmake --install /home/nat/ws_ruka/build/ruka_gz
[1.500s] -- Install configuration: ""
[1.500s] -- Up-to-date: /home/nat/ws_ruka/install/ruka_gz/share/ruka_gz/ruka_gz.xml
[1.501s] -- Up-to-date: /home/nat/ws_ruka/install/ruka_gz/share/ruka_gz/launch
[1.501s] -- Up-to-date: /home/nat/ws_ruka/install/ruka_gz/share/ruka_gz/launch/gazebo.launch.py
[1.501s] -- Up-to-date: /home/nat/ws_ruka/install/ruka_gz/share/ruka_gz/config
[1.501s] -- Up-to-date: /home/nat/ws_ruka/install/ruka_gz/share/ruka_gz/config/ros2_controllers.yaml
[1.502s] -- Up-to-date: /home/nat/ws_ruka/install/ruka_gz/share/ruka_gz/config/ruka_gz.urdf.xacro
[1.502s] -- Up-to-date: /home/nat/ws_ruka/install/ruka_gz/share/ruka_gz/config/ruka_gz.urdf
[1.502s] -- Up-to-date: /home/nat/ws_ruka/install/ruka_gz/share/ruka_gz/config/ruka_gz.ros2_control.xacro
[1.502s] -- Up-to-date: /home/nat/ws_ruka/install/ruka_gz/share/ruka_gz/config/params.yaml
[1.502s] -- Up-to-date: /home/nat/ws_ruka/install/ruka_gz/share/ruka_gz/config/initial_positions.yaml
[1.502s] -- Installing: /home/nat/ws_ruka/install/ruka_gz/include/ruka_gz
[1.502s] -- Installing: /home/nat/ws_ruka/install/ruka_gz/include/ruka_gz/ruka_gz_hardware.hpp
[1.502s] -- Installing: /home/nat/ws_ruka/install/ruka_gz/include/ruka_gz/visibility_control.h
[1.502s] -- Installing: /home/nat/ws_ruka/install/ruka_gz/lib/libruka_gz.so
[1.502s] -- Set non-toolchain portion of runtime path of "/home/nat/ws_ruka/install/ruka_gz/lib/libruka_gz.so" to ""
[1.502s] -- Installing: /home/nat/ws_ruka/install/ruka_gz/share/ruka_gz/environment/library_path.sh
[1.502s] -- Installing: /home/nat/ws_ruka/install/ruka_gz/share/ruka_gz/environment/library_path.dsv
[1.503s] -- Installing: /home/nat/ws_ruka/install/ruka_gz/share/ament_index/resource_index/package_run_dependencies/ruka_gz
[1.503s] -- Installing: /home/nat/ws_ruka/install/ruka_gz/share/ament_index/resource_index/parent_prefix_path/ruka_gz
[1.503s] -- Installing: /home/nat/ws_ruka/install/ruka_gz/share/ruka_gz/environment/ament_prefix_path.sh
[1.503s] -- Installing: /home/nat/ws_ruka/install/ruka_gz/share/ruka_gz/environment/ament_prefix_path.dsv
[1.503s] -- Installing: /home/nat/ws_ruka/install/ruka_gz/share/ruka_gz/environment/path.sh
[1.503s] -- Installing: /home/nat/ws_ruka/install/ruka_gz/share/ruka_gz/environment/path.dsv
[1.503s] -- Installing: /home/nat/ws_ruka/install/ruka_gz/share/ruka_gz/local_setup.bash
[1.503s] -- Installing: /home/nat/ws_ruka/install/ruka_gz/share/ruka_gz/local_setup.sh
[1.503s] -- Installing: /home/nat/ws_ruka/install/ruka_gz/share/ruka_gz/local_setup.zsh
[1.503s] -- Installing: /home/nat/ws_ruka/install/ruka_gz/share/ruka_gz/local_setup.dsv
[1.503s] -- Installing: /home/nat/ws_ruka/install/ruka_gz/share/ruka_gz/package.dsv
[1.504s] -- Installing: /home/nat/ws_ruka/install/ruka_gz/share/ament_index/resource_index/packages/ruka_gz
[1.504s] -- Installing: /home/nat/ws_ruka/install/ruka_gz/share/ament_index/resource_index/hardware_interface__pluginlib__plugin/ruka_gz
[1.504s] -- Installing: /home/nat/ws_ruka/install/ruka_gz/share/ruka_gz/cmake/export_ruka_gzExport.cmake
[1.504s] -- Installing: /home/nat/ws_ruka/install/ruka_gz/share/ruka_gz/cmake/export_ruka_gzExport-noconfig.cmake
[1.504s] -- Installing: /home/nat/ws_ruka/install/ruka_gz/share/ruka_gz/cmake/ament_cmake_export_targets-extras.cmake
[1.504s] -- Installing: /home/nat/ws_ruka/install/ruka_gz/share/ruka_gz/cmake/ament_cmake_export_dependencies-extras.cmake
[1.504s] -- Installing: /home/nat/ws_ruka/install/ruka_gz/share/ruka_gz/cmake/ruka_gzConfig.cmake
[1.505s] -- Installing: /home/nat/ws_ruka/install/ruka_gz/share/ruka_gz/cmake/ruka_gzConfig-version.cmake
[1.505s] -- Installing: /home/nat/ws_ruka/install/ruka_gz/share/ruka_gz/package.xml
[1.508s] Invoked command in '/home/nat/ws_ruka/build/ruka_gz' returned '0': CMAKE_PREFIX_PATH=${CMAKE_PREFIX_PATH}:/home/nat/ws_ruka/install/ruka_gz:/home/nat/ws_explorer/install/ros2_control_demo_testing:/home/nat/roverchallenge-ru/install/simulation:/opt/ros/jazzy DEBUGINFOD_URLS=https://debuginfod.ubuntu.com /usr/bin/cmake --install /home/nat/ws_ruka/build/ruka_gz
