[0.013s] Invoking command in '/home/nat/ws_ruka/build/ruka_gz': CMAKE_PREFIX_PATH=${CMAKE_PREFIX_PATH}:/home/nat/ws_ruka/install/ruka_gz:/home/nat/ws_explorer/install/ros2_control_demo_testing:/home/nat/roverchallenge-ru/install/simulation:/opt/ros/jazzy DEBUGINFOD_URLS=https://debuginfod.ubuntu.com /usr/bin/cmake /home/nat/ws_ruka/src/ruka_gz -DCMAKE_INSTALL_PREFIX=/home/nat/ws_ruka/install/ruka_gz
[0.175s] -- The C compiler identification is GNU 13.2.0
[0.298s] -- The CXX compiler identification is GNU 13.2.0
[0.326s] -- Detecting C compiler ABI info
[0.449s] -- Detecting C compiler ABI info - done
[0.458s] -- Check for working C compiler: /usr/bin/cc - skipped
[0.458s] -- Detecting C compile features
[0.459s] -- Detecting C compile features - done
[0.472s] -- Detecting CXX compiler ABI info
[0.596s] -- Detecting CXX compiler ABI info - done
[0.604s] -- Check for working CXX compiler: /usr/bin/c++ - skipped
[0.605s] -- Detecting CXX compile features
[0.605s] -- Detecting CXX compile features - done
[0.620s] -- Found ament_cmake: 2.5.2 (/opt/ros/jazzy/share/ament_cmake/cmake)
[0.805s] -- Found Python3: /usr/bin/python3 (found version "3.12.3") found components: Interpreter 
[0.990s] -- Found moveit_ros_planning_interface: 2.10.0 (/opt/ros/jazzy/share/moveit_ros_planning_interface/cmake)
[1.178s] -- Found Boost: /usr/lib/x86_64-linux-gnu/cmake/Boost-1.83.0/BoostConfig.cmake (found version "1.83.0") found components: date_time filesystem program_options system thread 
[1.274s] -- Found rosidl_generator_c: 4.6.3 (/opt/ros/jazzy/share/rosidl_generator_c/cmake)
[1.301s] -- Found rosidl_generator_cpp: 4.6.3 (/opt/ros/jazzy/share/rosidl_generator_cpp/cmake)
[1.337s] -- Using all available rosidl_typesupport_c: rosidl_typesupport_fastrtps_c;rosidl_typesupport_introspection_c
[1.371s] -- Using all available rosidl_typesupport_cpp: rosidl_typesupport_fastrtps_cpp;rosidl_typesupport_introspection_cpp
[1.795s] -- Found Boost: /usr/lib/x86_64-linux-gnu/cmake/Boost-1.83.0/BoostConfig.cmake (found version "1.83.0") found components: chrono date_time filesystem iostreams program_options regex serialization system thread 
[1.912s] -- Found parameter_traits: 0.3.8 (/opt/ros/jazzy/share/parameter_traits/cmake)
[2.002s] -- Found rmw_implementation_cmake: 7.3.1 (/opt/ros/jazzy/share/rmw_implementation_cmake/cmake)
[2.010s] -- Found rmw_fastrtps_cpp: 8.4.1 (/opt/ros/jazzy/share/rmw_fastrtps_cpp/cmake)
[2.175s] -- Found OpenSSL: /usr/lib/x86_64-linux-gnu/libcrypto.so (found version "3.0.13")  
[2.196s] -- Found FastRTPS: /opt/ros/jazzy/include (Required is at least version "2.13") 
[2.226s] -- Using RMW implementation 'rmw_fastrtps_cpp' as default
[2.359s] -- Found rclcpp_lifecycle: 28.1.3 (/opt/ros/jazzy/share/rclcpp_lifecycle/cmake)
[2.414s] -- Found Boost: /usr/lib/x86_64-linux-gnu/cmake/Boost-1.83.0/BoostConfig.cmake (found version "1.83.0") found components: filesystem 
[2.515s] -- Found Eigen3: TRUE (found version "3.4.0") 
[2.515s] -- Ensuring Eigen3 include directory is part of orocos-kdl CMake target
[2.787s] -- Found Boost: /usr/lib/x86_64-linux-gnu/cmake/Boost-1.83.0/BoostConfig.cmake (found version "1.83.0") found components: system filesystem date_time program_options thread chrono 
[2.854s] -- Found Boost: /usr/lib/x86_64-linux-gnu/cmake/Boost-1.83.0/BoostConfig.cmake (found version "1.83.0") found components: thread system filesystem regex date_time program_options 
[2.894s] -- Found Boost: /usr/lib/x86_64-linux-gnu/cmake/Boost-1.83.0/BoostConfig.cmake (found version "1.83.0") found components: system filesystem date_time program_options thread 
[2.949s] -- Found hardware_interface: 4.15.0 (/opt/ros/jazzy/share/hardware_interface/cmake)
[3.040s] -- Found controller_interface: 4.15.0 (/opt/ros/jazzy/share/controller_interface/cmake)
[3.052s] -- Found ament_cmake_gtest: 2.5.2 (/opt/ros/jazzy/share/ament_cmake_gtest/cmake)
[3.153s] -- Configuring done (3.1s)
[3.160s] [31mCMake Error at CMakeLists.txt:31 (add_library):
[3.160s]   Cannot find source file:
[3.160s] 
[3.160s]     hardware/ruka_gz_sensor_hardware.cpp
[3.160s] 
[3.161s] [0m
[3.170s] [31mCMake Error at CMakeLists.txt:31 (add_library):
[3.170s]   No SOURCES given to target: ruka_gz
[3.170s] 
[3.170s] [0m
[3.170s] [0mCMake Generate step failed.  Build files cannot be regenerated correctly.[0m
[3.186s] Invoked command in '/home/nat/ws_ruka/build/ruka_gz' returned '1': CMAKE_PREFIX_PATH=${CMAKE_PREFIX_PATH}:/home/nat/ws_ruka/install/ruka_gz:/home/nat/ws_explorer/install/ros2_control_demo_testing:/home/nat/roverchallenge-ru/install/simulation:/opt/ros/jazzy DEBUGINFOD_URLS=https://debuginfod.ubuntu.com /usr/bin/cmake /home/nat/ws_ruka/src/ruka_gz -DCMAKE_INSTALL_PREFIX=/home/nat/ws_ruka/install/ruka_gz
