[ 33%] [32mBuilding CXX object CMakeFiles/ruka.dir/hardware/ruka_sensor_hardware.cpp.o[0m
In file included from [01m[K/opt/ros/jazzy/include/rclcpp/rclcpp/copy_all_parameter_values.hpp:27[m[K,
                 from [01m[K/opt/ros/jazzy/include/rclcpp/rclcpp/rclcpp.hpp:171[m[K,
                 from [01m[K/home/nat/ws_ruka/src/ruka/hardware/ruka_sensor_hardware.cpp:11[m[K:
[01m[K/home/nat/ws_ruka/src/ruka/hardware/ruka_sensor_hardware.cpp:[m[K In member function ‘[01m[Kvirtual hardware_interface::return_type ruka::RukaSensor::[01;32m[Kread[m[K(const rclcpp::Time&, const rclcpp::Duration&)[m[K’:
[01m[K/home/nat/ws_ruka/src/ruka/hardware/ruka_sensor_hardware.cpp:108:5:[m[K [01;31m[Kerror: [m[Kstatic assertion failed: First argument to logging macros must be an rclcpp::Logger
  108 |     [01;31m[KRCLCPP_INFO[m[K(
      |     [01;31m[K^~~~~~~~~~~[m[K
In file included from [01m[K/opt/ros/jazzy/include/rcl/rcl/timer.h:34[m[K,
                 from [01m[K/opt/ros/jazzy/include/rcl/rcl/wait.h:33[m[K,
                 from [01m[K/opt/ros/jazzy/include/rclcpp/rclcpp/context.hpp:33[m[K,
                 from [01m[K/opt/ros/jazzy/include/rclcpp/rclcpp/contexts/default_context.hpp:18[m[K,
                 from [01m[K/opt/ros/jazzy/include/rclcpp/rclcpp/clock.hpp:22[m[K,
                 from [01m[K/opt/ros/jazzy/include/rclcpp/rclcpp/node_interfaces/node_clock_interface.hpp:18[m[K,
                 from [01m[K/opt/ros/jazzy/include/hardware_interface/hardware_interface/sensor_interface.hpp:28[m[K,
                 from [01m[K/home/nat/ws_ruka/src/ruka/hardware/include/ruka_sensor_hardware.hpp:11[m[K,
                 from [01m[K/home/nat/ws_ruka/src/ruka/hardware/ruka_sensor_hardware.cpp:2[m[K:
[01m[K/home/nat/ws_ruka/src/ruka/hardware/ruka_sensor_hardware.cpp:108:5:[m[K [01;31m[Kerror: [m[Krequest for member ‘[01m[Kget_name[m[K’ in ‘[01m[K((ruka::RukaSensor*)this)->ruka::RukaSensor::hw_sensor_states_.std::vector<double>::operator[](((std::vector<double>::size_type)i))[m[K’, which is of non-class type ‘[01m[K__gnu_cxx::__alloc_traits<std::allocator<double>, double>::value_type[m[K’ {aka ‘[01m[Kdouble[m[K’}
  108 |     [01;31m[KRCLCPP_INFO[m[K(
      |     [01;31m[K^~~~~~~~~~~[m[K
[01m[K/home/nat/ws_ruka/src/ruka/hardware/ruka_sensor_hardware.cpp:108:5:[m[K [01;31m[Kerror: [m[Krequest for member ‘[01m[Kget_name[m[K’ in ‘[01m[K((ruka::RukaSensor*)this)->ruka::RukaSensor::hw_sensor_states_.std::vector<double>::operator[](((std::vector<double>::size_type)i))[m[K’, which is of non-class type ‘[01m[K__gnu_cxx::__alloc_traits<std::allocator<double>, double>::value_type[m[K’ {aka ‘[01m[Kdouble[m[K’}
  108 |     [01;31m[KRCLCPP_INFO[m[K(
      |     [01;31m[K^~~~~~~~~~~[m[K
[01m[K/home/nat/ws_ruka/src/ruka/hardware/ruka_sensor_hardware.cpp:105:18:[m[K [01;35m[Kwarning: [m[Kunused variable ‘[01m[Kseed[m[K’ [[01;35m[K]8;;https://gcc.gnu.org/onlinedocs/gcc/Warning-Options.html#index-Wunused-variable-Wunused-variable]8;;[m[K]
  105 |     unsigned int [01;35m[Kseed[m[K = time(NULL) + i;
      |                  [01;35m[K^~~~[m[K
[01m[K/home/nat/ws_ruka/src/ruka/hardware/ruka_sensor_hardware.cpp:112:3:[m[K [01;31m[Kerror: [m[Kexpected primary-expression before ‘[01m[K)[m[K’ token
  112 |   [01;31m[KRCLCPP_INFO[m[K(
      |   [01;31m[K^~~~~~~~~~~[m[K
[01m[K/home/nat/ws_ruka/src/ruka/hardware/ruka_sensor_hardware.cpp:112:3:[m[K [01;31m[Kerror: [m[Ktemplate argument 1 is invalid
  112 |   [01;31m[KRCLCPP_INFO[m[K(
      |   [01;31m[K^~~~~~~~~~~[m[K
[01m[K/home/nat/ws_ruka/src/ruka/hardware/ruka_sensor_hardware.cpp:112:3:[m[K [01;31m[Kerror: [m[Ktemplate argument 1 is invalid
  112 |   [01;31m[KRCLCPP_INFO[m[K(
      |   [01;31m[K^~~~~~~~~~~[m[K
[01m[K/home/nat/ws_ruka/src/ruka/hardware/ruka_sensor_hardware.cpp:112:3:[m[K [01;31m[Kerror: [m[Ktemplate argument 1 is invalid
  112 |   [01;31m[KRCLCPP_INFO[m[K(
      |   [01;31m[K^~~~~~~~~~~[m[K
[01m[K/home/nat/ws_ruka/src/ruka/hardware/ruka_sensor_hardware.cpp:112:3:[m[K [01;31m[Kerror: [m[Kexpected primary-expression before ‘[01m[K)[m[K’ token
  112 |   [01;31m[KRCLCPP_INFO[m[K(
      |   [01;31m[K^~~~~~~~~~~[m[K
[01m[K/home/nat/ws_ruka/src/ruka/hardware/ruka_sensor_hardware.cpp:112:3:[m[K [01;31m[Kerror: [m[Kexpected primary-expression before ‘[01m[K)[m[K’ token
  112 |   [01;31m[KRCLCPP_INFO[m[K(
      |   [01;31m[K^~~~~~~~~~~[m[K
[01m[K/home/nat/ws_ruka/src/ruka/hardware/ruka_sensor_hardware.cpp:112:3:[m[K [01;31m[Kerror: [m[Kexpected primary-expression before ‘[01m[K)[m[K’ token
  112 |   [01;31m[KRCLCPP_INFO[m[K(
      |   [01;31m[K^~~~~~~~~~~[m[K
gmake[2]: *** [CMakeFiles/ruka.dir/build.make:90: CMakeFiles/ruka.dir/hardware/ruka_sensor_hardware.cpp.o] Error 1
gmake[1]: *** [CMakeFiles/Makefile2:137: CMakeFiles/ruka.dir/all] Error 2
gmake: *** [Makefile:146: all] Error 2
