[1.457s] Invoking command in '/home/nat/ws_ruka/src/ruka_gz': DEBUGINFOD_URLS=https://debuginfod.ubuntu.com PYTHONPATH=/home/nat/ws_ruka/build/ruka_gz/prefix_override:/usr/lib/python3/dist-packages/colcon_core/task/python/colcon_distutils_commands:/home/nat/ws_ruka/install/ruka_gz/lib/python3.12/site-packages:${PYTHONPATH} /usr/bin/python3 -W ignore:setup.py install is deprecated setup.py egg_info --egg-base ../../build/ruka_gz build --build-base /home/nat/ws_ruka/build/ruka_gz/build install --record /home/nat/ws_ruka/build/ruka_gz/install.log --single-version-externally-managed install_data
[1.915s] running egg_info
[1.950s] writing ../../build/ruka_gz/ruka_gz.egg-info/PKG-INFO
[1.950s] writing dependency_links to ../../build/ruka_gz/ruka_gz.egg-info/dependency_links.txt
[1.950s] writing entry points to ../../build/ruka_gz/ruka_gz.egg-info/entry_points.txt
[1.951s] writing requirements to ../../build/ruka_gz/ruka_gz.egg-info/requires.txt
[1.951s] writing top-level names to ../../build/ruka_gz/ruka_gz.egg-info/top_level.txt
[1.986s] reading manifest file '../../build/ruka_gz/ruka_gz.egg-info/SOURCES.txt'
[1.987s] writing manifest file '../../build/ruka_gz/ruka_gz.egg-info/SOURCES.txt'
[1.988s] running build
[1.988s] running install
[1.998s] running install_data
[1.999s] copying package.xml -> /home/nat/ws_ruka/install/ruka_gz/share/ruka_gz
[1.999s] copying launch/gazebo.launch.py -> /home/nat/ws_ruka/install/ruka_gz/share/ruka_gz
[1.999s] copying launch/try.launch.py -> /home/nat/ws_ruka/install/ruka_gz/share/ruka_gz
[1.999s] creating /home/nat/ws_ruka/install/ruka_gz/share/ruka_gz/config
[2.000s] copying config/rviz.rviz -> /home/nat/ws_ruka/install/ruka_gz/share/ruka_gz/config/
[2.000s] copying config/ruka_gz.xacro -> /home/nat/ws_ruka/install/ruka_gz/share/ruka_gz/config/
[2.000s] copying config/ruka_gz.urdf -> /home/nat/ws_ruka/install/ruka_gz/share/ruka_gz/config/
[2.000s] copying config/ros_control.yaml -> /home/nat/ws_ruka/install/ruka_gz/share/ruka_gz/config/
[2.000s] copying config/params.yaml -> /home/nat/ws_ruka/install/ruka_gz/share/ruka_gz/config/
[2.002s] running install_egg_info
[2.074s] Copying ../../build/ruka_gz/ruka_gz.egg-info to /home/nat/ws_ruka/install/ruka_gz/lib/python3.12/site-packages/ruka_gz-0.0.1-py3.12.egg-info
[2.075s] running install_scripts
[2.308s] Installing ruka script to /home/nat/ws_ruka/install/ruka_gz/bin
[2.308s] writing list of installed files to '/home/nat/ws_ruka/build/ruka_gz/install.log'
[2.360s] Invoked command in '/home/nat/ws_ruka/src/ruka_gz' returned '0': DEBUGINFOD_URLS=https://debuginfod.ubuntu.com PYTHONPATH=/home/nat/ws_ruka/build/ruka_gz/prefix_override:/usr/lib/python3/dist-packages/colcon_core/task/python/colcon_distutils_commands:/home/nat/ws_ruka/install/ruka_gz/lib/python3.12/site-packages:${PYTHONPATH} /usr/bin/python3 -W ignore:setup.py install is deprecated setup.py egg_info --egg-base ../../build/ruka_gz build --build-base /home/nat/ws_ruka/build/ruka_gz/build install --record /home/nat/ws_ruka/build/ruka_gz/install.log --single-version-externally-managed install_data
